<?xml version="1.0" encoding="UTF-8"?>
<testsuite name="edu.etec.ds.fundamentos.Ejercicio1Test" tests="15" skipped="0" failures="0" errors="0" timestamp="2026-09-14T21:14:56" hostname="214-10119" time="0.165">
  <properties/>
  <testcase name="testVerificarImpar()" classname="edu.etec.ds.fundamentos.Ejercicio1Test" time="0.048"/>
  <testcase name="testSumaDosEnteros()" classname="edu.etec.ds.fundamentos.Ejercicio1Test" time="0.005"/>
  <testcase name="testMaximoEntreDos()" classname="edu.etec.ds.fundamentos.Ejercicio1Test" time="0.007"/>
  <testcase name="testDivisionDosEnteros()" classname="edu.etec.ds.fundamentos.Ejercicio1Test" time="0.006"/>
  <testcase name="testVerificarPar()" classname="edu.etec.ds.fundamentos.Ejercicio1Test" time="0.006"/>
  <testcase name="testMinimoEntreDos()" classname="edu.etec.ds.fundamentos.Ejercicio1Test" time="0.006"/>
  <testcase name="testRestaDosEnteros()" classname="edu.etec.ds.fundamentos.Ejercicio1Test" time="0.008"/>
  <testcase name="testCompararIguales()" classname="edu.etec.ds.fundamentos.Ejercicio1Test" time="0.003"/>
  <testcase name="testCompararMenorQue()" classname="edu.etec.ds.fundamentos.Ejercicio1Test" time="0.005"/>
  <testcase name="testDivisionEntera()" classname="edu.etec.ds.fundamentos.Ejercicio1Test" time="0.002"/>
  <testcase name="testMultiplicacionDosEnteros()" classname="edu.etec.ds.fundamentos.Ejercicio1Test" time="0.002"/>
  <testcase name="testSumaConNegativos()" classname="edu.etec.ds.fundamentos.Ejercicio1Test" time="0.001"/>
  <testcase name="testModulo()" classname="edu.etec.ds.fundamentos.Ejercicio1Test" time="0.003"/>
  <testcase name="testCompararMayorQue()" classname="edu.etec.ds.fundamentos.Ejercicio1Test" time="0.003"/>
  <testcase name="testValorAbsoluto()" classname="edu.etec.ds.fundamentos.Ejercicio1Test" time="0.01"/>
  <system-out><![CDATA[]]></system-out>
  <system-err><![CDATA[]]></system-err>
</testsuite>
