<?xml version="1.0" encoding="UTF-8"?>
<testsuite name="edu.etec.ds.fundamentos.Ejercicio3Test" tests="1" skipped="0" failures="1" errors="0" timestamp="2026-04-20T15:05:29" hostname="213-18" time="0.058">
  <properties/>
  <testcase name="testFuncionSinParametros()" classname="edu.etec.ds.fundamentos.Ejercicio3Test" time="0.058">
    <failure message="java.lang.StackOverflowError" type="java.lang.StackOverflowError">java.lang.StackOverflowError
	at edu.etec.ds.fundamentos.Ejercicio3Kt.saludar(Ejercicio3.kt:4)
	at edu.etec.ds.fundamentos.Ejercicio3Kt.saludar(Ejercicio3.kt:4)
	at edu.etec.ds.fundamentos.Ejercicio3Kt.saludar(Ejercicio3.kt:4)
	at edu.etec.ds.fundamentos.Ejercicio3Kt.saludar(Ejercicio3.kt:4)
	at edu.etec.ds.fundamentos.Ejercicio3Kt.saludar(Ejercicio3.kt:4)
	at edu.etec.ds.fundamentos.Ejercicio3Kt.saludar(Ejercicio3.kt:4)
	at edu.etec.ds.fundamentos.Ejercicio3Kt.saludar(Ejercicio3.kt:4)
	at edu.etec.ds.fundamentos.Ejercicio3Kt.saludar(Ejercicio3.kt:4)
	at edu.etec.ds.fundamentos.Ejercicio3Kt.saludar(Ejercicio3.kt:4)
	at edu.etec.ds.fundamentos.Ejercicio3Kt.saludar(Ejercicio3.kt:4)
	at edu.etec.ds.fundamentos.Ejercicio3Kt.saludar(Ejercicio3.kt:4)
	at edu.etec.ds.fundamentos.Ejercicio3Kt.saludar(Ejercicio3.kt:4)
	at edu.etec.ds.fundamentos.Ejercicio3Kt.saludar(Ejercicio3.kt:4)
	at edu.etec.ds.fundamentos.Ejercicio3Kt.saludar(Ejercicio3.kt:4)
	at edu.etec.ds.fundamentos.Ejercicio3Kt.saludar(Ejercicio3.kt:4)
	at edu.etec.ds.fundamentos.Ejercicio3Kt.saludar(Ejercicio3.kt:4)
	at edu.etec.ds.fundamentos.Ejercicio3Kt.saludar(Ejercicio3.kt:4)
	at edu.etec.ds.fundamentos.Ejercicio3Kt.saludar(Ejercicio3.kt:4)
	at edu.etec.ds.fundamentos.Ejercicio3Kt.saludar(Ejercicio3.kt:4)
	at edu.etec.ds.fundamentos.Ejercicio3Kt.saludar(Ejercicio3.kt:4)
	at edu.etec.ds.fundamentos.Ejercicio3Kt.saludar(Ejercicio3.kt:4)
	at edu.etec.ds.fundamentos.Ejercicio3Kt.saludar(Ejercicio3.kt:4)
	at edu.etec.ds.fundamentos.Ejercicio3Kt.saludar(Ejercicio3.kt:4)
	at edu.etec.ds.fundamentos.Ejercicio3Kt.saludar(Ejercicio3.kt:4)
	at edu.etec.ds.fundamentos.Ejercicio3Kt.saludar(Ejercicio3.kt:4)
	at edu.etec.ds.fundamentos.Ejercicio3Kt.saludar(Ejercicio3.kt:4)
	at edu.etec.ds.fundamentos.Ejercicio3Kt.saludar(Ejercicio3.kt:4)
	at edu.etec.ds.fundamentos.Ejercicio3Kt.saludar(Ejercicio3.kt:4)
	at edu.etec.ds.fundamentos.Ejercicio3Kt.saludar(Ejercicio3.kt:4)
	at edu.etec.ds.fundamentos.Ejercicio3Kt.saludar(Ejercicio3.kt:4)
	at edu.etec.ds.fundamentos.Ejercicio3Kt.saludar(Ejercicio3.kt:4)
	at edu.etec.ds.fundamentos.Ejercicio3Kt.saludar(Ejercicio3.kt:4)
	at edu.etec.ds.fundamentos.Ejercicio3Kt.saludar(Ejercicio3.kt:4)
	at edu.etec.ds.fundamentos.Ejercicio3Kt.saludar(Ejercicio3.kt:4)
	at edu.etec.ds.fundamentos.Ejercicio3Kt.saludar(Ejercicio3.kt:4)
	at edu.etec.ds.fundamentos.Ejercicio3Kt.saludar(Ejercicio3.kt:4)
	at edu.etec.ds.fundamentos.Ejercicio3Kt.saludar(Ejercicio3.kt:4)
	at edu.etec.ds.fundamentos.Ejercicio3Kt.saludar(Ejercicio3.kt:4)
	at edu.etec.ds.fundamentos.Ejercicio3Kt.saludar(Ejercicio3.kt:4)
	at edu.etec.ds.fundamentos.Ejercicio3Kt.saludar(Ejercicio3.kt:4)
	at edu.etec.ds.fundamentos.Ejercicio3Kt.saludar(Ejercicio3.kt:4)
	at edu.etec.ds.fundamentos.Ejercicio3Kt.saludar(Ejercicio3.kt:4)
	at edu.etec.ds.fundamentos.Ejercicio3Kt.saludar(Ejercicio3.kt:4)
	at edu.etec.ds.fundamentos.Ejercicio3Kt.saludar(Ejercicio3.kt:4)
	at edu.etec.ds.fundamentos.Ejercicio3Kt.saludar(Ejercicio3.kt:4)
	at edu.etec.ds.fundamentos.Ejercicio3Kt.saludar(Ejercicio3.kt:4)
	at edu.etec.ds.fundamentos.Ejercicio3Kt.saludar(Ejercicio3.kt:4)
	at edu.etec.ds.fundamentos.Ejercicio3Kt.saludar(Ejercicio3.kt:4)
	at edu.etec.ds.fundamentos.Ejercicio3Kt.saludar(Ejercicio3.kt:4)
	at edu.etec.ds.fundamentos.Ejercicio3Kt.saludar(Ejercicio3.kt:4)
	at edu.etec.ds.fundamentos.Ejercicio3Kt.saludar(Ejercicio3.kt:4)
	at edu.etec.ds.fundamentos.Ejercicio3Kt.saludar(Ejercicio3.kt:4)
	at edu.etec.ds.fundamentos.Ejercicio3Kt.saludar(Ejercicio3.kt:4)
	at edu.etec.ds.fundamentos.Ejercicio3Kt.saludar(Ejercicio3.kt:4)
	at edu.etec.ds.fundamentos.Ejercicio3Kt.saludar(Ejercicio3.kt:4)
	at edu.etec.ds.fundamentos.Ejercicio3Kt.saludar(Ejercicio3.kt:4)
	at edu.etec.ds.fundamentos.Ejercicio3Kt.saludar(Ejercicio3.kt:4)
	at edu.etec.ds.fundamentos.Ejercicio3Kt.saludar(Ejercicio3.kt:4)
	at edu.etec.ds.fundamentos.Ejercicio3Kt.saludar(Ejercicio3.kt:4)
	at edu.etec.ds.fundamentos.Ejercicio3Kt.saludar(Ejercicio3.kt:4)
	at edu.etec.ds.fundamentos.Ejercicio3Kt.saludar(Ejercicio3.kt:4)
	at edu.etec.ds.fundamentos.Ejercicio3Kt.saludar(Ejercicio3.kt:4)
	at edu.etec.ds.fundamentos.Ejercicio3Kt.saludar(Ejercicio3.kt:4)
	at edu.etec.ds.fundamentos.Ejercicio3Kt.saludar(Ejercicio3.kt:4)
	at edu.etec.ds.fundamentos.Ejercicio3Kt.saludar(Ejercicio3.kt:4)
	at edu.etec.ds.fundamentos.Ejercicio3Kt.saludar(Ejercicio3.kt:4)
	at edu.etec.ds.fundamentos.Ejercicio3Kt.saludar(Ejercicio3.kt:4)
	at edu.etec.ds.fundamentos.Ejercicio3Kt.saludar(Ejercicio3.kt:4)
	at edu.etec.ds.fundamentos.Ejercicio3Kt.saludar(Ejercicio3.kt:4)
	at edu.etec.ds.fundamentos.Ejercicio3Kt.saludar(Ejercicio3.kt:4)
	at edu.etec.ds.fundamentos.Ejercicio3Kt.saludar(Ejercicio3.kt:4)
	at edu.etec.ds.fundamentos.Ejercicio3Kt.saludar(Ejercicio3.kt:4)
	at edu.etec.ds.fundamentos.Ejercicio3Kt.saludar(Ejercicio3.kt:4)
	at edu.etec.ds.fundamentos.Ejercicio3Kt.saludar(Ejercicio3.kt:4)
	at edu.etec.ds.fundamentos.Ejercicio3Kt.saludar(Ejercicio3.kt:4)
	at edu.etec.ds.fundamentos.Ejercicio3Kt.saludar(Ejercicio3.kt:4)
	at edu.etec.ds.fundamentos.Ejercicio3Kt.saludar(Ejercicio3.kt:4)
	at edu.etec.ds.fundamentos.Ejercicio3Kt.saludar(Ejercicio3.kt:4)
	at edu.etec.ds.fundamentos.Ejercicio3Kt.saludar(Ejercicio3.kt:4)
	at edu.etec.ds.fundamentos.Ejercicio3Kt.saludar(Ejercicio3.kt:4)
	at edu.etec.ds.fundamentos.Ejercicio3Kt.saludar(Ejercicio3.kt:4)
	at edu.etec.ds.fundamentos.Ejercicio3Kt.saludar(Ejercicio3.kt:4)
	at edu.etec.ds.fundamentos.Ejercicio3Kt.saludar(Ejercicio3.kt:4)
	at edu.etec.ds.fundamentos.Ejercicio3Kt.saludar(Ejercicio3.kt:4)
	at edu.etec.ds.fundamentos.Ejercicio3Kt.saludar(Ejercicio3.kt:4)
	at edu.etec.ds.fundamentos.Ejercicio3Kt.saludar(Ejercicio3.kt:4)
	at edu.etec.ds.fundamentos.Ejercicio3Kt.saludar(Ejercicio3.kt:4)
	at edu.etec.ds.fundamentos.Ejercicio3Kt.saludar(Ejercicio3.kt:4)
	at edu.etec.ds.fundamentos.Ejercicio3Kt.saludar(Ejercicio3.kt:4)
	at edu.etec.ds.fundamentos.Ejercicio3Kt.saludar(Ejercicio3.kt:4)
	at edu.etec.ds.fundamentos.Ejercicio3Kt.saludar(Ejercicio3.kt:4)
	at edu.etec.ds.fundamentos.Ejercicio3Kt.saludar(Ejercicio3.kt:4)
	at edu.etec.ds.fundamentos.Ejercicio3Kt.saludar(Ejercicio3.kt:4)
	at edu.etec.ds.fundamentos.Ejercicio3Kt.saludar(Ejercicio3.kt:4)
	at edu.etec.ds.fundamentos.Ejercicio3Kt.saludar(Ejercicio3.kt:4)
	at edu.etec.ds.fundamentos.Ejercicio3Kt.saludar(Ejercicio3.kt:4)
	at edu.etec.ds.fundamentos.Ejercicio3Kt.saludar(Ejercicio3.kt:4)
	at edu.etec.ds.fundamentos.Ejercicio3Kt.saludar(Ejercicio3.kt:4)
	at edu.etec.ds.fundamentos.Ejercicio3Kt.saludar(Ejercicio3.kt:4)
	at edu.etec.ds.fundamentos.Ejercicio3Kt.saludar(Ejercicio3.kt:4)
	at edu.etec.ds.fundamentos.Ejercicio3Kt.saludar(Ejercicio3.kt:4)
	at edu.etec.ds.fundamentos.Ejercicio3Kt.saludar(Ejercicio3.kt:4)
	at edu.etec.ds.fundamentos.Ejercicio3Kt.saludar(Ejercicio3.kt:4)
	at edu.etec.ds.fundamentos.Ejercicio3Kt.saludar(Ejercicio3.kt:4)
	at edu.etec.ds.fundamentos.Ejercicio3Kt.saludar(Ejercicio3.kt:4)
	at edu.etec.ds.fundamentos.Ejercicio3Kt.saludar(Ejercicio3.kt:4)
	at edu.etec.ds.fundamentos.Ejercicio3Kt.saludar(Ejercicio3.kt:4)
	at edu.etec.ds.fundamentos.Ejercicio3Kt.saludar(Ejercicio3.kt:4)
	at edu.etec.ds.fundamentos.Ejercicio3Kt.saludar(Ejercicio3.kt:4)
	at edu.etec.ds.fundamentos.Ejercicio3Kt.saludar(Ejercicio3.kt:4)
	at edu.etec.ds.fundamentos.Ejercicio3Kt.saludar(Ejercicio3.kt:4)
	at edu.etec.ds.fundamentos.Ejercicio3Kt.saludar(Ejercicio3.kt:4)
	at edu.etec.ds.fundamentos.Ejercicio3Kt.saludar(Ejercicio3.kt:4)
	at edu.etec.ds.fundamentos.Ejercicio3Kt.saludar(Ejercicio3.kt:4)
	at edu.etec.ds.fundamentos.Ejercicio3Kt.saludar(Ejercicio3.kt:4)
	at edu.etec.ds.fundamentos.Ejercicio3Kt.saludar(Ejercicio3.kt:4)
	at edu.etec.ds.fundamentos.Ejercicio3Kt.saludar(Ejercicio3.kt:4)
	at edu.etec.ds.fundamentos.Ejercicio3Kt.saludar(Ejercicio3.kt:4)
	at edu.etec.ds.fundamentos.Ejercicio3Kt.saludar(Ejercicio3.kt:4)
	at edu.etec.ds.fundamentos.Ejercicio3Kt.saludar(Ejercicio3.kt:4)
	at edu.etec.ds.fundamentos.Ejercicio3Kt.saludar(Ejercicio3.kt:4)
	at edu.etec.ds.fundamentos.Ejercicio3Kt.saludar(Ejercicio3.kt:4)
	at edu.etec.ds.fundamentos.Ejercicio3Kt.saludar(Ejercicio3.kt:4)
	at edu.etec.ds.fundamentos.Ejercicio3Kt.saludar(Ejercicio3.kt:4)
	at edu.etec.ds.fundamentos.Ejercicio3Kt.saludar(Ejercicio3.kt:4)
	at edu.etec.ds.fundamentos.Ejercicio3Kt.saludar(Ejercicio3.kt:4)
	at edu.etec.ds.fundamentos.Ejercicio3Kt.saludar(Ejercicio3.kt:4)
	at edu.etec.ds.fundamentos.Ejercicio3Kt.saludar(Ejercicio3.kt:4)
	at edu.etec.ds.fundamentos.Ejercicio3Kt.saludar(Ejercicio3.kt:4)
	at edu.etec.ds.fundamentos.Ejercicio3Kt.saludar(Ejercicio3.kt:4)
	at edu.etec.ds.fundamentos.Ejercicio3Kt.saludar(Ejercicio3.kt:4)
	at edu.etec.ds.fundamentos.Ejercicio3Kt.saludar(Ejercicio3.kt:4)
	at edu.etec.ds.fundamentos.Ejercicio3Kt.saludar(Ejercicio3.kt:4)
	at edu.etec.ds.fundamentos.Ejercicio3Kt.saludar(Ejercicio3.kt:4)
	at edu.etec.ds.fundamentos.Ejercicio3Kt.saludar(Ejercicio3.kt:4)
	at edu.etec.ds.fundamentos.Ejercicio3Kt.saludar(Ejercicio3.kt:4)
	at edu.etec.ds.fundamentos.Ejercicio3Kt.saludar(Ejercicio3.kt:4)
	at edu.etec.ds.fundamentos.Ejercicio3Kt.saludar(Ejercicio3.kt:4)
	at edu.etec.ds.fundamentos.Ejercicio3Kt.saludar(Ejercicio3.kt:4)
	at edu.etec.ds.fundamentos.Ejercicio3Kt.saludar(Ejercicio3.kt:4)
	at edu.etec.ds.fundamentos.Ejercicio3Kt.saludar(Ejercicio3.kt:4)
	at edu.etec.ds.fundamentos.Ejercicio3Kt.saludar(Ejercicio3.kt:4)
	at edu.etec.ds.fundamentos.Ejercicio3Kt.saludar(Ejercicio3.kt:4)
	at edu.etec.ds.fundamentos.Ejercicio3Kt.saludar(Ejercicio3.kt:4)
	at edu.etec.ds.fundamentos.Ejercicio3Kt.saludar(Ejercicio3.kt:4)
	at edu.etec.ds.fundamentos.Ejercicio3Kt.saludar(Ejercicio3.kt:4)
	at edu.etec.ds.fundamentos.Ejercicio3Kt.saludar(Ejercicio3.kt:4)
	at edu.etec.ds.fundamentos.Ejercicio3Kt.saludar(Ejercicio3.kt:4)
	at edu.etec.ds.fundamentos.Ejercicio3Kt.saludar(Ejercicio3.kt:4)
	at edu.etec.ds.fundamentos.Ejercicio3Kt.saludar(Ejercicio3.kt:4)
	at edu.etec.ds.fundamentos.Ejercicio3Kt.saludar(Ejercicio3.kt:4)
	at edu.etec.ds.fundamentos.Ejercicio3Kt.saludar(Ejercicio3.kt:4)
	at edu.etec.ds.fundamentos.Ejercicio3Kt.saludar(Ejercicio3.kt:4)
	at edu.etec.ds.fundamentos.Ejercicio3Kt.saludar(Ejercicio3.kt:4)
	at edu.etec.ds.fundamentos.Ejercicio3Kt.saludar(Ejercicio3.kt:4)
	at edu.etec.ds.fundamentos.Ejercicio3Kt.saludar(Ejercicio3.kt:4)
	at edu.etec.ds.fundamentos.Ejercicio3Kt.saludar(Ejercicio3.kt:4)
	at edu.etec.ds.fundamentos.Ejercicio3Kt.saludar(Ejercicio3.kt:4)
	at edu.etec.ds.fundamentos.Ejercicio3Kt.saludar(Ejercicio3.kt:4)
	at edu.etec.ds.fundamentos.Ejercicio3Kt.saludar(Ejercicio3.kt:4)
	at edu.etec.ds.fundamentos.Ejercicio3Kt.saludar(Ejercicio3.kt:4)
	at edu.etec.ds.fundamentos.Ejercicio3Kt.saludar(Ejercicio3.kt:4)
	at edu.etec.ds.fundamentos.Ejercicio3Kt.saludar(Ejercicio3.kt:4)
	at edu.etec.ds.fundamentos.Ejercicio3Kt.saludar(Ejercicio3.kt:4)
	at edu.etec.ds.fundamentos.Ejercicio3Kt.saludar(Ejercicio3.kt:4)
	at edu.etec.ds.fundamentos.Ejercicio3Kt.saludar(Ejercicio3.kt:4)
	at edu.etec.ds.fundamentos.Ejercicio3Kt.saludar(Ejercicio3.kt:4)
	at edu.etec.ds.fundamentos.Ejercicio3Kt.saludar(Ejercicio3.kt:4)
	at edu.etec.ds.fundamentos.Ejercicio3Kt.saludar(Ejercicio3.kt:4)
	at edu.etec.ds.fundamentos.Ejercicio3Kt.saludar(Ejercicio3.kt:4)
	at edu.etec.ds.fundamentos.Ejercicio3Kt.saludar(Ejercicio3.kt:4)
	at edu.etec.ds.fundamentos.Ejercicio3Kt.saludar(Ejercicio3.kt:4)
	at edu.etec.ds.fundamentos.Ejercicio3Kt.saludar(Ejercicio3.kt:4)
	at edu.etec.ds.fundamentos.Ejercicio3Kt.saludar(Ejercicio3.kt:4)
	at edu.etec.ds.fundamentos.Ejercicio3Kt.saludar(Ejercicio3.kt:4)
	at edu.etec.ds.fundamentos.Ejercicio3Kt.saludar(Ejercicio3.kt:4)
	at edu.etec.ds.fundamentos.Ejercicio3Kt.saludar(Ejercicio3.kt:4)
	at edu.etec.ds.fundamentos.Ejercicio3Kt.saludar(Ejercicio3.kt:4)
	at edu.etec.ds.fundamentos.Ejercicio3Kt.saludar(Ejercicio3.kt:4)
	at edu.etec.ds.fundamentos.Ejercicio3Kt.saludar(Ejercicio3.kt:4)
	at edu.etec.ds.fundamentos.Ejercicio3Kt.saludar(Ejercicio3.kt:4)
	at edu.etec.ds.fundamentos.Ejercicio3Kt.saludar(Ejercicio3.kt:4)
	at edu.etec.ds.fundamentos.Ejercicio3Kt.saludar(Ejercicio3.kt:4)
	at edu.etec.ds.fundamentos.Ejercicio3Kt.saludar(Ejercicio3.kt:4)
	at edu.etec.ds.fundamentos.Ejercicio3Kt.saludar(Ejercicio3.kt:4)
	at edu.etec.ds.fundamentos.Ejercicio3Kt.saludar(Ejercicio3.kt:4)
	at edu.etec.ds.fundamentos.Ejercicio3Kt.saludar(Ejercicio3.kt:4)
	at edu.etec.ds.fundamentos.Ejercicio3Kt.saludar(Ejercicio3.kt:4)
	at edu.etec.ds.fundamentos.Ejercicio3Kt.saludar(Ejercicio3.kt:4)
	at edu.etec.ds.fundamentos.Ejercicio3Kt.saludar(Ejercicio3.kt:4)
	at edu.etec.ds.fundamentos.Ejercicio3Kt.saludar(Ejercicio3.kt:4)
	at edu.etec.ds.fundamentos.Ejercicio3Kt.saludar(Ejercicio3.kt:4)
	at edu.etec.ds.fundamentos.Ejercicio3Kt.saludar(Ejercicio3.kt:4)
	at edu.etec.ds.fundamentos.Ejercicio3Kt.saludar(Ejercicio3.kt:4)
	at edu.etec.ds.fundamentos.Ejercicio3Kt.saludar(Ejercicio3.kt:4)
	at edu.etec.ds.fundamentos.Ejercicio3Kt.saludar(Ejercicio3.kt:4)
	at edu.etec.ds.fundamentos.Ejercicio3Kt.saludar(Ejercicio3.kt:4)
	at edu.etec.ds.fundamentos.Ejercicio3Kt.saludar(Ejercicio3.kt:4)
	at edu.etec.ds.fundamentos.Ejercicio3Kt.saludar(Ejercicio3.kt:4)
	at edu.etec.ds.fundamentos.Ejercicio3Kt.saludar(Ejercicio3.kt:4)
	at edu.etec.ds.fundamentos.Ejercicio3Kt.saludar(Ejercicio3.kt:4)
	at edu.etec.ds.fundamentos.Ejercicio3Kt.saludar(Ejercicio3.kt:4)
	at edu.etec.ds.fundamentos.Ejercicio3Kt.saludar(Ejercicio3.kt:4)
	at edu.etec.ds.fundamentos.Ejercicio3Kt.saludar(Ejercicio3.kt:4)
	at edu.etec.ds.fundamentos.Ejercicio3Kt.saludar(Ejercicio3.kt:4)
	at edu.etec.ds.fundamentos.Ejercicio3Kt.saludar(Ejercicio3.kt:4)
	at edu.etec.ds.fundamentos.Ejercicio3Kt.saludar(Ejercicio3.kt:4)
	at edu.etec.ds.fundamentos.Ejercicio3Kt.saludar(Ejercicio3.kt:4)
	at edu.etec.ds.fundamentos.Ejercicio3Kt.saludar(Ejercicio3.kt:4)
	at edu.etec.ds.fundamentos.Ejercicio3Kt.saludar(Ejercicio3.kt:4)
	at edu.etec.ds.fundamentos.Ejercicio3Kt.saludar(Ejercicio3.kt:4)
	at edu.etec.ds.fundamentos.Ejercicio3Kt.saludar(Ejercicio3.kt:4)
	at edu.etec.ds.fundamentos.Ejercicio3Kt.saludar(Ejercicio3.kt:4)
	at edu.etec.ds.fundamentos.Ejercicio3Kt.saludar(Ejercicio3.kt:4)
	at edu.etec.ds.fundamentos.Ejercicio3Kt.saludar(Ejercicio3.kt:4)
	at edu.etec.ds.fundamentos.Ejercicio3Kt.saludar(Ejercicio3.kt:4)
	at edu.etec.ds.fundamentos.Ejercicio3Kt.saludar(Ejercicio3.kt:4)
	at edu.etec.ds.fundamentos.Ejercicio3Kt.saludar(Ejercicio3.kt:4)
	at edu.etec.ds.fundamentos.Ejercicio3Kt.saludar(Ejercicio3.kt:4)
	at edu.etec.ds.fundamentos.Ejercicio3Kt.saludar(Ejercicio3.kt:4)
	at edu.etec.ds.fundamentos.Ejercicio3Kt.saludar(Ejercicio3.kt:4)
	at edu.etec.ds.fundamentos.Ejercicio3Kt.saludar(Ejercicio3.kt:4)
	at edu.etec.ds.fundamentos.Ejercicio3Kt.saludar(Ejercicio3.kt:4)
	at edu.etec.ds.fundamentos.Ejercicio3Kt.saludar(Ejercicio3.kt:4)
	at edu.etec.ds.fundamentos.Ejercicio3Kt.saludar(Ejercicio3.kt:4)
	at edu.etec.ds.fundamentos.Ejercicio3Kt.saludar(Ejercicio3.kt:4)
	at edu.etec.ds.fundamentos.Ejercicio3Kt.saludar(Ejercicio3.kt:4)
	at edu.etec.ds.fundamentos.Ejercicio3Kt.saludar(Ejercicio3.kt:4)
	at edu.etec.ds.fundamentos.Ejercicio3Kt.saludar(Ejercicio3.kt:4)
	at edu.etec.ds.fundamentos.Ejercicio3Kt.saludar(Ejercicio3.kt:4)
	at edu.etec.ds.fundamentos.Ejercicio3Kt.saludar(Ejercicio3.kt:4)
	at edu.etec.ds.fundamentos.Ejercicio3Kt.saludar(Ejercicio3.kt:4)
	at edu.etec.ds.fundamentos.Ejercicio3Kt.saludar(Ejercicio3.kt:4)
	at edu.etec.ds.fundamentos.Ejercicio3Kt.saludar(Ejercicio3.kt:4)
	at edu.etec.ds.fundamentos.Ejercicio3Kt.saludar(Ejercicio3.kt:4)
	at edu.etec.ds.fundamentos.Ejercicio3Kt.saludar(Ejercicio3.kt:4)
	at edu.etec.ds.fundamentos.Ejercicio3Kt.saludar(Ejercicio3.kt:4)
	at edu.etec.ds.fundamentos.Ejercicio3Kt.saludar(Ejercicio3.kt:4)
	at edu.etec.ds.fundamentos.Ejercicio3Kt.saludar(Ejercicio3.kt:4)
	at edu.etec.ds.fundamentos.Ejercicio3Kt.saludar(Ejercicio3.kt:4)
	at edu.etec.ds.fundamentos.Ejercicio3Kt.saludar(Ejercicio3.kt:4)
	at edu.etec.ds.fundamentos.Ejercicio3Kt.saludar(Ejercicio3.kt:4)
	at edu.etec.ds.fundamentos.Ejercicio3Kt.saludar(Ejercicio3.kt:4)
	at edu.etec.ds.fundamentos.Ejercicio3Kt.saludar(Ejercicio3.kt:4)
	at edu.etec.ds.fundamentos.Ejercicio3Kt.saludar(Ejercicio3.kt:4)
	at edu.etec.ds.fundamentos.Ejercicio3Kt.saludar(Ejercicio3.kt:4)
	at edu.etec.ds.fundamentos.Ejercicio3Kt.saludar(Ejercicio3.kt:4)
	at edu.etec.ds.fundamentos.Ejercicio3Kt.saludar(Ejercicio3.kt:4)
	at edu.etec.ds.fundamentos.Ejercicio3Kt.saludar(Ejercicio3.kt:4)
	at edu.etec.ds.fundamentos.Ejercicio3Kt.saludar(Ejercicio3.kt:4)
	at edu.etec.ds.fundamentos.Ejercicio3Kt.saludar(Ejercicio3.kt:4)
	at edu.etec.ds.fundamentos.Ejercicio3Kt.saludar(Ejercicio3.kt:4)
	at edu.etec.ds.fundamentos.Ejercicio3Kt.saludar(Ejercicio3.kt:4)
	at edu.etec.ds.fundamentos.Ejercicio3Kt.saludar(Ejercicio3.kt:4)
	at edu.etec.ds.fundamentos.Ejercicio3Kt.saludar(Ejercicio3.kt:4)
	at edu.etec.ds.fundamentos.Ejercicio3Kt.saludar(Ejercicio3.kt:4)
	at edu.etec.ds.fundamentos.Ejercicio3Kt.saludar(Ejercicio3.kt:4)
	at edu.etec.ds.fundamentos.Ejercicio3Kt.saludar(Ejercicio3.kt:4)
	at edu.etec.ds.fundamentos.Ejercicio3Kt.saludar(Ejercicio3.kt:4)
	at edu.etec.ds.fundamentos.Ejercicio3Kt.saludar(Ejercicio3.kt:4)
	at edu.etec.ds.fundamentos.Ejercicio3Kt.saludar(Ejercicio3.kt:4)
	at edu.etec.ds.fundamentos.Ejercicio3Kt.saludar(Ejercicio3.kt:4)
	at edu.etec.ds.fundamentos.Ejercicio3Kt.saludar(Ejercicio3.kt:4)
	at edu.etec.ds.fundamentos.Ejercicio3Kt.saludar(Ejercicio3.kt:4)
	at edu.etec.ds.fundamentos.Ejercicio3Kt.saludar(Ejercicio3.kt:4)
	at edu.etec.ds.fundamentos.Ejercicio3Kt.saludar(Ejercicio3.kt:4)
	at edu.etec.ds.fundamentos.Ejercicio3Kt.saludar(Ejercicio3.kt:4)
	at edu.etec.ds.fundamentos.Ejercicio3Kt.saludar(Ejercicio3.kt:4)
	at edu.etec.ds.fundamentos.Ejercicio3Kt.saludar(Ejercicio3.kt:4)
	at edu.etec.ds.fundamentos.Ejercicio3Kt.saludar(Ejercicio3.kt:4)
	at edu.etec.ds.fundamentos.Ejercicio3Kt.saludar(Ejercicio3.kt:4)
	at edu.etec.ds.fundamentos.Ejercicio3Kt.saludar(Ejercicio3.kt:4)
	at edu.etec.ds.fundamentos.Ejercicio3Kt.saludar(Ejercicio3.kt:4)
	at edu.etec.ds.fundamentos.Ejercicio3Kt.saludar(Ejercicio3.kt:4)
	at edu.etec.ds.fundamentos.Ejercicio3Kt.saludar(Ejercicio3.kt:4)
	at edu.etec.ds.fundamentos.Ejercicio3Kt.saludar(Ejercicio3.kt:4)
	at edu.etec.ds.fundamentos.Ejercicio3Kt.saludar(Ejercicio3.kt:4)
	at edu.etec.ds.fundamentos.Ejercicio3Kt.saludar(Ejercicio3.kt:4)
	at edu.etec.ds.fundamentos.Ejercicio3Kt.saludar(Ejercicio3.kt:4)
	at edu.etec.ds.fundamentos.Ejercicio3Kt.saludar(Ejercicio3.kt:4)
	at edu.etec.ds.fundamentos.Ejercicio3Kt.saludar(Ejercicio3.kt:4)
	at edu.etec.ds.fundamentos.Ejercicio3Kt.saludar(Ejercicio3.kt:4)
	at edu.etec.ds.fundamentos.Ejercicio3Kt.saludar(Ejercicio3.kt:4)
	at edu.etec.ds.fundamentos.Ejercicio3Kt.saludar(Ejercicio3.kt:4)
	at edu.etec.ds.fundamentos.Ejercicio3Kt.saludar(Ejercicio3.kt:4)
	at edu.etec.ds.fundamentos.Ejercicio3Kt.saludar(Ejercicio3.kt:4)
	at edu.etec.ds.fundamentos.Ejercicio3Kt.saludar(Ejercicio3.kt:4)
	at edu.etec.ds.fundamentos.Ejercicio3Kt.saludar(Ejercicio3.kt:4)
	at edu.etec.ds.fundamentos.Ejercicio3Kt.saludar(Ejercicio3.kt:4)
	at edu.etec.ds.fundamentos.Ejercicio3Kt.saludar(Ejercicio3.kt:4)
	at edu.etec.ds.fundamentos.Ejercicio3Kt.saludar(Ejercicio3.kt:4)
	at edu.etec.ds.fundamentos.Ejercicio3Kt.saludar(Ejercicio3.kt:4)
	at edu.etec.ds.fundamentos.Ejercicio3Kt.saludar(Ejercicio3.kt:4)
	at edu.etec.ds.fundamentos.Ejercicio3Kt.saludar(Ejercicio3.kt:4)
	at edu.etec.ds.fundamentos.Ejercicio3Kt.saludar(Ejercicio3.kt:4)
	at edu.etec.ds.fundamentos.Ejercicio3Kt.saludar(Ejercicio3.kt:4)
	at edu.etec.ds.fundamentos.Ejercicio3Kt.saludar(Ejercicio3.kt:4)
	at edu.etec.ds.fundamentos.Ejercicio3Kt.saludar(Ejercicio3.kt:4)
	at edu.etec.ds.fundamentos.Ejercicio3Kt.saludar(Ejercicio3.kt:4)
	at edu.etec.ds.fundamentos.Ejercicio3Kt.saludar(Ejercicio3.kt:4)
	at edu.etec.ds.fundamentos.Ejercicio3Kt.saludar(Ejercicio3.kt:4)
	at edu.etec.ds.fundamentos.Ejercicio3Kt.saludar(Ejercicio3.kt:4)
	at edu.etec.ds.fundamentos.Ejercicio3Kt.saludar(Ejercicio3.kt:4)
	at edu.etec.ds.fundamentos.Ejercicio3Kt.saludar(Ejercicio3.kt:4)
	at edu.etec.ds.fundamentos.Ejercicio3Kt.saludar(Ejercicio3.kt:4)
	at edu.etec.ds.fundamentos.Ejercicio3Kt.saludar(Ejercicio3.kt:4)
	at edu.etec.ds.fundamentos.Ejercicio3Kt.saludar(Ejercicio3.kt:4)
	at edu.etec.ds.fundamentos.Ejercicio3Kt.saludar(Ejercicio3.kt:4)
	at edu.etec.ds.fundamentos.Ejercicio3Kt.saludar(Ejercicio3.kt:4)
	at edu.etec.ds.fundamentos.Ejercicio3Kt.saludar(Ejercicio3.kt:4)
	at edu.etec.ds.fundamentos.Ejercicio3Kt.saludar(Ejercicio3.kt:4)
	at edu.etec.ds.fundamentos.Ejercicio3Kt.saludar(Ejercicio3.kt:4)
	at edu.etec.ds.fundamentos.Ejercicio3Kt.saludar(Ejercicio3.kt:4)
	at edu.etec.ds.fundamentos.Ejercicio3Kt.saludar(Ejercicio3.kt:4)
	at edu.etec.ds.fundamentos.Ejercicio3Kt.saludar(Ejercicio3.kt:4)
	at edu.etec.ds.fundamentos.Ejercicio3Kt.saludar(Ejercicio3.kt:4)
	at edu.etec.ds.fundamentos.Ejercicio3Kt.saludar(Ejercicio3.kt:4)
	at edu.etec.ds.fundamentos.Ejercicio3Kt.saludar(Ejercicio3.kt:4)
	at edu.etec.ds.fundamentos.Ejercicio3Kt.saludar(Ejercicio3.kt:4)
	at edu.etec.ds.fundamentos.Ejercicio3Kt.saludar(Ejercicio3.kt:4)
	at edu.etec.ds.fundamentos.Ejercicio3Kt.saludar(Ejercicio3.kt:4)
	at edu.etec.ds.fundamentos.Ejercicio3Kt.saludar(Ejercicio3.kt:4)
	at edu.etec.ds.fundamentos.Ejercicio3Kt.saludar(Ejercicio3.kt:4)
	at edu.etec.ds.fundamentos.Ejercicio3Kt.saludar(Ejercicio3.kt:4)
	at edu.etec.ds.fundamentos.Ejercicio3Kt.saludar(Ejercicio3.kt:4)
	at edu.etec.ds.fundamentos.Ejercicio3Kt.saludar(Ejercicio3.kt:4)
	at edu.etec.ds.fundamentos.Ejercicio3Kt.saludar(Ejercicio3.kt:4)
	at edu.etec.ds.fundamentos.Ejercicio3Kt.saludar(Ejercicio3.kt:4)
	at edu.etec.ds.fundamentos.Ejercicio3Kt.saludar(Ejercicio3.kt:4)
	at edu.etec.ds.fundamentos.Ejercicio3Kt.saludar(Ejercicio3.kt:4)
	at edu.etec.ds.fundamentos.Ejercicio3Kt.saludar(Ejercicio3.kt:4)
	at edu.etec.ds.fundamentos.Ejercicio3Kt.saludar(Ejercicio3.kt:4)
	at edu.etec.ds.fundamentos.Ejercicio3Kt.saludar(Ejercicio3.kt:4)
	at edu.etec.ds.fundamentos.Ejercicio3Kt.saludar(Ejercicio3.kt:4)
	at edu.etec.ds.fundamentos.Ejercicio3Kt.saludar(Ejercicio3.kt:4)
	at edu.etec.ds.fundamentos.Ejercicio3Kt.saludar(Ejercicio3.kt:4)
	at edu.etec.ds.fundamentos.Ejercicio3Kt.saludar(Ejercicio3.kt:4)
	at edu.etec.ds.fundamentos.Ejercicio3Kt.saludar(Ejercicio3.kt:4)
	at edu.etec.ds.fundamentos.Ejercicio3Kt.saludar(Ejercicio3.kt:4)
	at edu.etec.ds.fundamentos.Ejercicio3Kt.saludar(Ejercicio3.kt:4)
	at edu.etec.ds.fundamentos.Ejercicio3Kt.saludar(Ejercicio3.kt:4)
	at edu.etec.ds.fundamentos.Ejercicio3Kt.saludar(Ejercicio3.kt:4)
	at edu.etec.ds.fundamentos.Ejercicio3Kt.saludar(Ejercicio3.kt:4)
	at edu.etec.ds.fundamentos.Ejercicio3Kt.saludar(Ejercicio3.kt:4)
	at edu.etec.ds.fundamentos.Ejercicio3Kt.saludar(Ejercicio3.kt:4)
	at edu.etec.ds.fundamentos.Ejercicio3Kt.saludar(Ejercicio3.kt:4)
	at edu.etec.ds.fundamentos.Ejercicio3Kt.saludar(Ejercicio3.kt:4)
	at edu.etec.ds.fundamentos.Ejercicio3Kt.saludar(Ejercicio3.kt:4)
	at edu.etec.ds.fundamentos.Ejercicio3Kt.saludar(Ejercicio3.kt:4)
	at edu.etec.ds.fundamentos.Ejercicio3Kt.saludar(Ejercicio3.kt:4)
	at edu.etec.ds.fundamentos.Ejercicio3Kt.saludar(Ejercicio3.kt:4)
	at edu.etec.ds.fundamentos.Ejercicio3Kt.saludar(Ejercicio3.kt:4)
	at edu.etec.ds.fundamentos.Ejercicio3Kt.saludar(Ejercicio3.kt:4)
	at edu.etec.ds.fundamentos.Ejercicio3Kt.saludar(Ejercicio3.kt:4)
	at edu.etec.ds.fundamentos.Ejercicio3Kt.saludar(Ejercicio3.kt:4)
	at edu.etec.ds.fundamentos.Ejercicio3Kt.saludar(Ejercicio3.kt:4)
	at edu.etec.ds.fundamentos.Ejercicio3Kt.saludar(Ejercicio3.kt:4)
	at edu.etec.ds.fundamentos.Ejercicio3Kt.saludar(Ejercicio3.kt:4)
	at edu.etec.ds.fundamentos.Ejercicio3Kt.saludar(Ejercicio3.kt:4)
	at edu.etec.ds.fundamentos.Ejercicio3Kt.saludar(Ejercicio3.kt:4)
	at edu.etec.ds.fundamentos.Ejercicio3Kt.saludar(Ejercicio3.kt:4)
	at edu.etec.ds.fundamentos.Ejercicio3Kt.saludar(Ejercicio3.kt:4)
	at edu.etec.ds.fundamentos.Ejercicio3Kt.saludar(Ejercicio3.kt:4)
	at edu.etec.ds.fundamentos.Ejercicio3Kt.saludar(Ejercicio3.kt:4)
	at edu.etec.ds.fundamentos.Ejercicio3Kt.saludar(Ejercicio3.kt:4)
	at edu.etec.ds.fundamentos.Ejercicio3Kt.saludar(Ejercicio3.kt:4)
	at edu.etec.ds.fundamentos.Ejercicio3Kt.saludar(Ejercicio3.kt:4)
	at edu.etec.ds.fundamentos.Ejercicio3Kt.saludar(Ejercicio3.kt:4)
	at edu.etec.ds.fundamentos.Ejercicio3Kt.saludar(Ejercicio3.kt:4)
	at edu.etec.ds.fundamentos.Ejercicio3Kt.saludar(Ejercicio3.kt:4)
	at edu.etec.ds.fundamentos.Ejercicio3Kt.saludar(Ejercicio3.kt:4)
	at edu.etec.ds.fundamentos.Ejercicio3Kt.saludar(Ejercicio3.kt:4)
	at edu.etec.ds.fundamentos.Ejercicio3Kt.saludar(Ejercicio3.kt:4)
	at edu.etec.ds.fundamentos.Ejercicio3Kt.saludar(Ejercicio3.kt:4)
	at edu.etec.ds.fundamentos.Ejercicio3Kt.saludar(Ejercicio3.kt:4)
	at edu.etec.ds.fundamentos.Ejercicio3Kt.saludar(Ejercicio3.kt:4)
	at edu.etec.ds.fundamentos.Ejercicio3Kt.saludar(Ejercicio3.kt:4)
	at edu.etec.ds.fundamentos.Ejercicio3Kt.saludar(Ejercicio3.kt:4)
	at edu.etec.ds.fundamentos.Ejercicio3Kt.saludar(Ejercicio3.kt:4)
	at edu.etec.ds.fundamentos.Ejercicio3Kt.saludar(Ejercicio3.kt:4)
	at edu.etec.ds.fundamentos.Ejercicio3Kt.saludar(Ejercicio3.kt:4)
	at edu.etec.ds.fundamentos.Ejercicio3Kt.saludar(Ejercicio3.kt:4)
	at edu.etec.ds.fundamentos.Ejercicio3Kt.saludar(Ejercicio3.kt:4)
	at edu.etec.ds.fundamentos.Ejercicio3Kt.saludar(Ejercicio3.kt:4)
	at edu.etec.ds.fundamentos.Ejercicio3Kt.saludar(Ejercicio3.kt:4)
	at edu.etec.ds.fundamentos.Ejercicio3Kt.saludar(Ejercicio3.kt:4)
	at edu.etec.ds.fundamentos.Ejercicio3Kt.saludar(Ejercicio3.kt:4)
	at edu.etec.ds.fundamentos.Ejercicio3Kt.saludar(Ejercicio3.kt:4)
	at edu.etec.ds.fundamentos.Ejercicio3Kt.saludar(Ejercicio3.kt:4)
	at edu.etec.ds.fundamentos.Ejercicio3Kt.saludar(Ejercicio3.kt:4)
	at edu.etec.ds.fundamentos.Ejercicio3Kt.saludar(Ejercicio3.kt:4)
	at edu.etec.ds.fundamentos.Ejercicio3Kt.saludar(Ejercicio3.kt:4)
	at edu.etec.ds.fundamentos.Ejercicio3Kt.saludar(Ejercicio3.kt:4)
	at edu.etec.ds.fundamentos.Ejercicio3Kt.saludar(Ejercicio3.kt:4)
	at edu.etec.ds.fundamentos.Ejercicio3Kt.saludar(Ejercicio3.kt:4)
	at edu.etec.ds.fundamentos.Ejercicio3Kt.saludar(Ejercicio3.kt:4)
	at edu.etec.ds.fundamentos.Ejercicio3Kt.saludar(Ejercicio3.kt:4)
	at edu.etec.ds.fundamentos.Ejercicio3Kt.saludar(Ejercicio3.kt:4)
	at edu.etec.ds.fundamentos.Ejercicio3Kt.saludar(Ejercicio3.kt:4)
	at edu.etec.ds.fundamentos.Ejercicio3Kt.saludar(Ejercicio3.kt:4)
	at edu.etec.ds.fundamentos.Ejercicio3Kt.saludar(Ejercicio3.kt:4)
	at edu.etec.ds.fundamentos.Ejercicio3Kt.saludar(Ejercicio3.kt:4)
	at edu.etec.ds.fundamentos.Ejercicio3Kt.saludar(Ejercicio3.kt:4)
	at edu.etec.ds.fundamentos.Ejercicio3Kt.saludar(Ejercicio3.kt:4)
	at edu.etec.ds.fundamentos.Ejercicio3Kt.saludar(Ejercicio3.kt:4)
	at edu.etec.ds.fundamentos.Ejercicio3Kt.saludar(Ejercicio3.kt:4)
	at edu.etec.ds.fundamentos.Ejercicio3Kt.saludar(Ejercicio3.kt:4)
	at edu.etec.ds.fundamentos.Ejercicio3Kt.saludar(Ejercicio3.kt:4)
	at edu.etec.ds.fundamentos.Ejercicio3Kt.saludar(Ejercicio3.kt:4)
	at edu.etec.ds.fundamentos.Ejercicio3Kt.saludar(Ejercicio3.kt:4)
	at edu.etec.ds.fundamentos.Ejercicio3Kt.saludar(Ejercicio3.kt:4)
	at edu.etec.ds.fundamentos.Ejercicio3Kt.saludar(Ejercicio3.kt:4)
	at edu.etec.ds.fundamentos.Ejercicio3Kt.saludar(Ejercicio3.kt:4)
	at edu.etec.ds.fundamentos.Ejercicio3Kt.saludar(Ejercicio3.kt:4)
	at edu.etec.ds.fundamentos.Ejercicio3Kt.saludar(Ejercicio3.kt:4)
	at edu.etec.ds.fundamentos.Ejercicio3Kt.saludar(Ejercicio3.kt:4)
	at edu.etec.ds.fundamentos.Ejercicio3Kt.saludar(Ejercicio3.kt:4)
	at edu.etec.ds.fundamentos.Ejercicio3Kt.saludar(Ejercicio3.kt:4)
	at edu.etec.ds.fundamentos.Ejercicio3Kt.saludar(Ejercicio3.kt:4)
	at edu.etec.ds.fundamentos.Ejercicio3Kt.saludar(Ejercicio3.kt:4)
	at edu.etec.ds.fundamentos.Ejercicio3Kt.saludar(Ejercicio3.kt:4)
	at edu.etec.ds.fundamentos.Ejercicio3Kt.saludar(Ejercicio3.kt:4)
	at edu.etec.ds.fundamentos.Ejercicio3Kt.saludar(Ejercicio3.kt:4)
	at edu.etec.ds.fundamentos.Ejercicio3Kt.saludar(Ejercicio3.kt:4)
	at edu.etec.ds.fundamentos.Ejercicio3Kt.saludar(Ejercicio3.kt:4)
	at edu.etec.ds.fundamentos.Ejercicio3Kt.saludar(Ejercicio3.kt:4)
	at edu.etec.ds.fundamentos.Ejercicio3Kt.saludar(Ejercicio3.kt:4)
	at edu.etec.ds.fundamentos.Ejercicio3Kt.saludar(Ejercicio3.kt:4)
	at edu.etec.ds.fundamentos.Ejercicio3Kt.saludar(Ejercicio3.kt:4)
	at edu.etec.ds.fundamentos.Ejercicio3Kt.saludar(Ejercicio3.kt:4)
	at edu.etec.ds.fundamentos.Ejercicio3Kt.saludar(Ejercicio3.kt:4)
	at edu.etec.ds.fundamentos.Ejercicio3Kt.saludar(Ejercicio3.kt:4)
	at edu.etec.ds.fundamentos.Ejercicio3Kt.saludar(Ejercicio3.kt:4)
	at edu.etec.ds.fundamentos.Ejercicio3Kt.saludar(Ejercicio3.kt:4)
	at edu.etec.ds.fundamentos.Ejercicio3Kt.saludar(Ejercicio3.kt:4)
	at edu.etec.ds.fundamentos.Ejercicio3Kt.saludar(Ejercicio3.kt:4)
	at edu.etec.ds.fundamentos.Ejercicio3Kt.saludar(Ejercicio3.kt:4)
	at edu.etec.ds.fundamentos.Ejercicio3Kt.saludar(Ejercicio3.kt:4)
	at edu.etec.ds.fundamentos.Ejercicio3Kt.saludar(Ejercicio3.kt:4)
	at edu.etec.ds.fundamentos.Ejercicio3Kt.saludar(Ejercicio3.kt:4)
	at edu.etec.ds.fundamentos.Ejercicio3Kt.saludar(Ejercicio3.kt:4)
	at edu.etec.ds.fundamentos.Ejercicio3Kt.saludar(Ejercicio3.kt:4)
	at edu.etec.ds.fundamentos.Ejercicio3Kt.saludar(Ejercicio3.kt:4)
	at edu.etec.ds.fundamentos.Ejercicio3Kt.saludar(Ejercicio3.kt:4)
	at edu.etec.ds.fundamentos.Ejercicio3Kt.saludar(Ejercicio3.kt:4)
	at edu.etec.ds.fundamentos.Ejercicio3Kt.saludar(Ejercicio3.kt:4)
	at edu.etec.ds.fundamentos.Ejercicio3Kt.saludar(Ejercicio3.kt:4)
	at edu.etec.ds.fundamentos.Ejercicio3Kt.saludar(Ejercicio3.kt:4)
	at edu.etec.ds.fundamentos.Ejercicio3Kt.saludar(Ejercicio3.kt:4)
	at edu.etec.ds.fundamentos.Ejercicio3Kt.saludar(Ejercicio3.kt:4)
	at edu.etec.ds.fundamentos.Ejercicio3Kt.saludar(Ejercicio3.kt:4)
	at edu.etec.ds.fundamentos.Ejercicio3Kt.saludar(Ejercicio3.kt:4)
	at edu.etec.ds.fundamentos.Ejercicio3Kt.saludar(Ejercicio3.kt:4)
	at edu.etec.ds.fundamentos.Ejercicio3Kt.saludar(Ejercicio3.kt:4)
	at edu.etec.ds.fundamentos.Ejercicio3Kt.saludar(Ejercicio3.kt:4)
	at edu.etec.ds.fundamentos.Ejercicio3Kt.saludar(Ejercicio3.kt:4)
	at edu.etec.ds.fundamentos.Ejercicio3Kt.saludar(Ejercicio3.kt:4)
	at edu.etec.ds.fundamentos.Ejercicio3Kt.saludar(Ejercicio3.kt:4)
	at edu.etec.ds.fundamentos.Ejercicio3Kt.saludar(Ejercicio3.kt:4)
	at edu.etec.ds.fundamentos.Ejercicio3Kt.saludar(Ejercicio3.kt:4)
	at edu.etec.ds.fundamentos.Ejercicio3Kt.saludar(Ejercicio3.kt:4)
	at edu.etec.ds.fundamentos.Ejercicio3Kt.saludar(Ejercicio3.kt:4)
	at edu.etec.ds.fundamentos.Ejercicio3Kt.saludar(Ejercicio3.kt:4)
	at edu.etec.ds.fundamentos.Ejercicio3Kt.saludar(Ejercicio3.kt:4)
	at edu.etec.ds.fundamentos.Ejercicio3Kt.saludar(Ejercicio3.kt:4)
	at edu.etec.ds.fundamentos.Ejercicio3Kt.saludar(Ejercicio3.kt:4)
	at edu.etec.ds.fundamentos.Ejercicio3Kt.saludar(Ejercicio3.kt:4)
	at edu.etec.ds.fundamentos.Ejercicio3Kt.saludar(Ejercicio3.kt:4)
	at edu.etec.ds.fundamentos.Ejercicio3Kt.saludar(Ejercicio3.kt:4)
	at edu.etec.ds.fundamentos.Ejercicio3Kt.saludar(Ejercicio3.kt:4)
	at edu.etec.ds.fundamentos.Ejercicio3Kt.saludar(Ejercicio3.kt:4)
	at edu.etec.ds.fundamentos.Ejercicio3Kt.saludar(Ejercicio3.kt:4)
	at edu.etec.ds.fundamentos.Ejercicio3Kt.saludar(Ejercicio3.kt:4)
	at edu.etec.ds.fundamentos.Ejercicio3Kt.saludar(Ejercicio3.kt:4)
	at edu.etec.ds.fundamentos.Ejercicio3Kt.saludar(Ejercicio3.kt:4)
	at edu.etec.ds.fundamentos.Ejercicio3Kt.saludar(Ejercicio3.kt:4)
	at edu.etec.ds.fundamentos.Ejercicio3Kt.saludar(Ejercicio3.kt:4)
	at edu.etec.ds.fundamentos.Ejercicio3Kt.saludar(Ejercicio3.kt:4)
	at edu.etec.ds.fundamentos.Ejercicio3Kt.saludar(Ejercicio3.kt:4)
	at edu.etec.ds.fundamentos.Ejercicio3Kt.saludar(Ejercicio3.kt:4)
	at edu.etec.ds.fundamentos.Ejercicio3Kt.saludar(Ejercicio3.kt:4)
	at edu.etec.ds.fundamentos.Ejercicio3Kt.saludar(Ejercicio3.kt:4)
	at edu.etec.ds.fundamentos.Ejercicio3Kt.saludar(Ejercicio3.kt:4)
	at edu.etec.ds.fundamentos.Ejercicio3Kt.saludar(Ejercicio3.kt:4)
	at edu.etec.ds.fundamentos.Ejercicio3Kt.saludar(Ejercicio3.kt:4)
	at edu.etec.ds.fundamentos.Ejercicio3Kt.saludar(Ejercicio3.kt:4)
	at edu.etec.ds.fundamentos.Ejercicio3Kt.saludar(Ejercicio3.kt:4)
	at edu.etec.ds.fundamentos.Ejercicio3Kt.saludar(Ejercicio3.kt:4)
	at edu.etec.ds.fundamentos.Ejercicio3Kt.saludar(Ejercicio3.kt:4)
	at edu.etec.ds.fundamentos.Ejercicio3Kt.saludar(Ejercicio3.kt:4)
	at edu.etec.ds.fundamentos.Ejercicio3Kt.saludar(Ejercicio3.kt:4)
	at edu.etec.ds.fundamentos.Ejercicio3Kt.saludar(Ejercicio3.kt:4)
	at edu.etec.ds.fundamentos.Ejercicio3Kt.saludar(Ejercicio3.kt:4)
	at edu.etec.ds.fundamentos.Ejercicio3Kt.saludar(Ejercicio3.kt:4)
	at edu.etec.ds.fundamentos.Ejercicio3Kt.saludar(Ejercicio3.kt:4)
	at edu.etec.ds.fundamentos.Ejercicio3Kt.saludar(Ejercicio3.kt:4)
	at edu.etec.ds.fundamentos.Ejercicio3Kt.saludar(Ejercicio3.kt:4)
	at edu.etec.ds.fundamentos.Ejercicio3Kt.saludar(Ejercicio3.kt:4)
	at edu.etec.ds.fundamentos.Ejercicio3Kt.saludar(Ejercicio3.kt:4)
	at edu.etec.ds.fundamentos.Ejercicio3Kt.saludar(Ejercicio3.kt:4)
	at edu.etec.ds.fundamentos.Ejercicio3Kt.saludar(Ejercicio3.kt:4)
	at edu.etec.ds.fundamentos.Ejercicio3Kt.saludar(Ejercicio3.kt:4)
	at edu.etec.ds.fundamentos.Ejercicio3Kt.saludar(Ejercicio3.kt:4)
	at edu.etec.ds.fundamentos.Ejercicio3Kt.saludar(Ejercicio3.kt:4)
	at edu.etec.ds.fundamentos.Ejercicio3Kt.saludar(Ejercicio3.kt:4)
	at edu.etec.ds.fundamentos.Ejercicio3Kt.saludar(Ejercicio3.kt:4)
	at edu.etec.ds.fundamentos.Ejercicio3Kt.saludar(Ejercicio3.kt:4)
	at edu.etec.ds.fundamentos.Ejercicio3Kt.saludar(Ejercicio3.kt:4)
	at edu.etec.ds.fundamentos.Ejercicio3Kt.saludar(Ejercicio3.kt:4)
	at edu.etec.ds.fundamentos.Ejercicio3Kt.saludar(Ejercicio3.kt:4)
	at edu.etec.ds.fundamentos.Ejercicio3Kt.saludar(Ejercicio3.kt:4)
	at edu.etec.ds.fundamentos.Ejercicio3Kt.saludar(Ejercicio3.kt:4)
	at edu.etec.ds.fundamentos.Ejercicio3Kt.saludar(Ejercicio3.kt:4)
	at edu.etec.ds.fundamentos.Ejercicio3Kt.saludar(Ejercicio3.kt:4)
	at edu.etec.ds.fundamentos.Ejercicio3Kt.saludar(Ejercicio3.kt:4)
	at edu.etec.ds.fundamentos.Ejercicio3Kt.saludar(Ejercicio3.kt:4)
	at edu.etec.ds.fundamentos.Ejercicio3Kt.saludar(Ejercicio3.kt:4)
	at edu.etec.ds.fundamentos.Ejercicio3Kt.saludar(Ejercicio3.kt:4)
	at edu.etec.ds.fundamentos.Ejercicio3Kt.saludar(Ejercicio3.kt:4)
	at edu.etec.ds.fundamentos.Ejercicio3Kt.saludar(Ejercicio3.kt:4)
	at edu.etec.ds.fundamentos.Ejercicio3Kt.saludar(Ejercicio3.kt:4)
	at edu.etec.ds.fundamentos.Ejercicio3Kt.saludar(Ejercicio3.kt:4)
	at edu.etec.ds.fundamentos.Ejercicio3Kt.saludar(Ejercicio3.kt:4)
	at edu.etec.ds.fundamentos.Ejercicio3Kt.saludar(Ejercicio3.kt:4)
	at edu.etec.ds.fundamentos.Ejercicio3Kt.saludar(Ejercicio3.kt:4)
	at edu.etec.ds.fundamentos.Ejercicio3Kt.saludar(Ejercicio3.kt:4)
	at edu.etec.ds.fundamentos.Ejercicio3Kt.saludar(Ejercicio3.kt:4)
	at edu.etec.ds.fundamentos.Ejercicio3Kt.saludar(Ejercicio3.kt:4)
	at edu.etec.ds.fundamentos.Ejercicio3Kt.saludar(Ejercicio3.kt:4)
	at edu.etec.ds.fundamentos.Ejercicio3Kt.saludar(Ejercicio3.kt:4)
	at edu.etec.ds.fundamentos.Ejercicio3Kt.saludar(Ejercicio3.kt:4)
	at edu.etec.ds.fundamentos.Ejercicio3Kt.saludar(Ejercicio3.kt:4)
	at edu.etec.ds.fundamentos.Ejercicio3Kt.saludar(Ejercicio3.kt:4)
	at edu.etec.ds.fundamentos.Ejercicio3Kt.saludar(Ejercicio3.kt:4)
	at edu.etec.ds.fundamentos.Ejercicio3Kt.saludar(Ejercicio3.kt:4)
	at edu.etec.ds.fundamentos.Ejercicio3Kt.saludar(Ejercicio3.kt:4)
	at edu.etec.ds.fundamentos.Ejercicio3Kt.saludar(Ejercicio3.kt:4)
	at edu.etec.ds.fundamentos.Ejercicio3Kt.saludar(Ejercicio3.kt:4)
	at edu.etec.ds.fundamentos.Ejercicio3Kt.saludar(Ejercicio3.kt:4)
	at edu.etec.ds.fundamentos.Ejercicio3Kt.saludar(Ejercicio3.kt:4)
	at edu.etec.ds.fundamentos.Ejercicio3Kt.saludar(Ejercicio3.kt:4)
	at edu.etec.ds.fundamentos.Ejercicio3Kt.saludar(Ejercicio3.kt:4)
	at edu.etec.ds.fundamentos.Ejercicio3Kt.saludar(Ejercicio3.kt:4)
	at edu.etec.ds.fundamentos.Ejercicio3Kt.saludar(Ejercicio3.kt:4)
	at edu.etec.ds.fundamentos.Ejercicio3Kt.saludar(Ejercicio3.kt:4)
	at edu.etec.ds.fundamentos.Ejercicio3Kt.saludar(Ejercicio3.kt:4)
	at edu.etec.ds.fundamentos.Ejercicio3Kt.saludar(Ejercicio3.kt:4)
	at edu.etec.ds.fundamentos.Ejercicio3Kt.saludar(Ejercicio3.kt:4)
	at edu.etec.ds.fundamentos.Ejercicio3Kt.saludar(Ejercicio3.kt:4)
	at edu.etec.ds.fundamentos.Ejercicio3Kt.saludar(Ejercicio3.kt:4)
	at edu.etec.ds.fundamentos.Ejercicio3Kt.saludar(Ejercicio3.kt:4)
	at edu.etec.ds.fundamentos.Ejercicio3Kt.saludar(Ejercicio3.kt:4)
	at edu.etec.ds.fundamentos.Ejercicio3Kt.saludar(Ejercicio3.kt:4)
	at edu.etec.ds.fundamentos.Ejercicio3Kt.saludar(Ejercicio3.kt:4)
	at edu.etec.ds.fundamentos.Ejercicio3Kt.saludar(Ejercicio3.kt:4)
	at edu.etec.ds.fundamentos.Ejercicio3Kt.saludar(Ejercicio3.kt:4)
	at edu.etec.ds.fundamentos.Ejercicio3Kt.saludar(Ejercicio3.kt:4)
	at edu.etec.ds.fundamentos.Ejercicio3Kt.saludar(Ejercicio3.kt:4)
	at edu.etec.ds.fundamentos.Ejercicio3Kt.saludar(Ejercicio3.kt:4)
	at edu.etec.ds.fundamentos.Ejercicio3Kt.saludar(Ejercicio3.kt:4)
	at edu.etec.ds.fundamentos.Ejercicio3Kt.saludar(Ejercicio3.kt:4)
	at edu.etec.ds.fundamentos.Ejercicio3Kt.saludar(Ejercicio3.kt:4)
	at edu.etec.ds.fundamentos.Ejercicio3Kt.saludar(Ejercicio3.kt:4)
	at edu.etec.ds.fundamentos.Ejercicio3Kt.saludar(Ejercicio3.kt:4)
	at edu.etec.ds.fundamentos.Ejercicio3Kt.saludar(Ejercicio3.kt:4)
	at edu.etec.ds.fundamentos.Ejercicio3Kt.saludar(Ejercicio3.kt:4)
	at edu.etec.ds.fundamentos.Ejercicio3Kt.saludar(Ejercicio3.kt:4)
	at edu.etec.ds.fundamentos.Ejercicio3Kt.saludar(Ejercicio3.kt:4)
	at edu.etec.ds.fundamentos.Ejercicio3Kt.saludar(Ejercicio3.kt:4)
	at edu.etec.ds.fundamentos.Ejercicio3Kt.saludar(Ejercicio3.kt:4)
	at edu.etec.ds.fundamentos.Ejercicio3Kt.saludar(Ejercicio3.kt:4)
	at edu.etec.ds.fundamentos.Ejercicio3Kt.saludar(Ejercicio3.kt:4)
	at edu.etec.ds.fundamentos.Ejercicio3Kt.saludar(Ejercicio3.kt:4)
	at edu.etec.ds.fundamentos.Ejercicio3Kt.saludar(Ejercicio3.kt:4)
	at edu.etec.ds.fundamentos.Ejercicio3Kt.saludar(Ejercicio3.kt:4)
	at edu.etec.ds.fundamentos.Ejercicio3Kt.saludar(Ejercicio3.kt:4)
	at edu.etec.ds.fundamentos.Ejercicio3Kt.saludar(Ejercicio3.kt:4)
	at edu.etec.ds.fundamentos.Ejercicio3Kt.saludar(Ejercicio3.kt:4)
	at edu.etec.ds.fundamentos.Ejercicio3Kt.saludar(Ejercicio3.kt:4)
	at edu.etec.ds.fundamentos.Ejercicio3Kt.saludar(Ejercicio3.kt:4)
	at edu.etec.ds.fundamentos.Ejercicio3Kt.saludar(Ejercicio3.kt:4)
	at edu.etec.ds.fundamentos.Ejercicio3Kt.saludar(Ejercicio3.kt:4)
	at edu.etec.ds.fundamentos.Ejercicio3Kt.saludar(Ejercicio3.kt:4)
	at edu.etec.ds.fundamentos.Ejercicio3Kt.saludar(Ejercicio3.kt:4)
	at edu.etec.ds.fundamentos.Ejercicio3Kt.saludar(Ejercicio3.kt:4)
	at edu.etec.ds.fundamentos.Ejercicio3Kt.saludar(Ejercicio3.kt:4)
	at edu.etec.ds.fundamentos.Ejercicio3Kt.saludar(Ejercicio3.kt:4)
	at edu.etec.ds.fundamentos.Ejercicio3Kt.saludar(Ejercicio3.kt:4)
	at edu.etec.ds.fundamentos.Ejercicio3Kt.saludar(Ejercicio3.kt:4)
	at edu.etec.ds.fundamentos.Ejercicio3Kt.saludar(Ejercicio3.kt:4)
	at edu.etec.ds.fundamentos.Ejercicio3Kt.saludar(Ejercicio3.kt:4)
	at edu.etec.ds.fundamentos.Ejercicio3Kt.saludar(Ejercicio3.kt:4)
	at edu.etec.ds.fundamentos.Ejercicio3Kt.saludar(Ejercicio3.kt:4)
	at edu.etec.ds.fundamentos.Ejercicio3Kt.saludar(Ejercicio3.kt:4)
	at edu.etec.ds.fundamentos.Ejercicio3Kt.saludar(Ejercicio3.kt:4)
	at edu.etec.ds.fundamentos.Ejercicio3Kt.saludar(Ejercicio3.kt:4)
	at edu.etec.ds.fundamentos.Ejercicio3Kt.saludar(Ejercicio3.kt:4)
	at edu.etec.ds.fundamentos.Ejercicio3Kt.saludar(Ejercicio3.kt:4)
	at edu.etec.ds.fundamentos.Ejercicio3Kt.saludar(Ejercicio3.kt:4)
	at edu.etec.ds.fundamentos.Ejercicio3Kt.saludar(Ejercicio3.kt:4)
	at edu.etec.ds.fundamentos.Ejercicio3Kt.saludar(Ejercicio3.kt:4)
	at edu.etec.ds.fundamentos.Ejercicio3Kt.saludar(Ejercicio3.kt:4)
	at edu.etec.ds.fundamentos.Ejercicio3Kt.saludar(Ejercicio3.kt:4)
	at edu.etec.ds.fundamentos.Ejercicio3Kt.saludar(Ejercicio3.kt:4)
	at edu.etec.ds.fundamentos.Ejercicio3Kt.saludar(Ejercicio3.kt:4)
	at edu.etec.ds.fundamentos.Ejercicio3Kt.saludar(Ejercicio3.kt:4)
	at edu.etec.ds.fundamentos.Ejercicio3Kt.saludar(Ejercicio3.kt:4)
	at edu.etec.ds.fundamentos.Ejercicio3Kt.saludar(Ejercicio3.kt:4)
	at edu.etec.ds.fundamentos.Ejercicio3Kt.saludar(Ejercicio3.kt:4)
	at edu.etec.ds.fundamentos.Ejercicio3Kt.saludar(Ejercicio3.kt:4)
	at edu.etec.ds.fundamentos.Ejercicio3Kt.saludar(Ejercicio3.kt:4)
	at edu.etec.ds.fundamentos.Ejercicio3Kt.saludar(Ejercicio3.kt:4)
	at edu.etec.ds.fundamentos.Ejercicio3Kt.saludar(Ejercicio3.kt:4)
	at edu.etec.ds.fundamentos.Ejercicio3Kt.saludar(Ejercicio3.kt:4)
	at edu.etec.ds.fundamentos.Ejercicio3Kt.saludar(Ejercicio3.kt:4)
	at edu.etec.ds.fundamentos.Ejercicio3Kt.saludar(Ejercicio3.kt:4)
	at edu.etec.ds.fundamentos.Ejercicio3Kt.saludar(Ejercicio3.kt:4)
	at edu.etec.ds.fundamentos.Ejercicio3Kt.saludar(Ejercicio3.kt:4)
	at edu.etec.ds.fundamentos.Ejercicio3Kt.saludar(Ejercicio3.kt:4)
	at edu.etec.ds.fundamentos.Ejercicio3Kt.saludar(Ejercicio3.kt:4)
	at edu.etec.ds.fundamentos.Ejercicio3Kt.saludar(Ejercicio3.kt:4)
	at edu.etec.ds.fundamentos.Ejercicio3Kt.saludar(Ejercicio3.kt:4)
	at edu.etec.ds.fundamentos.Ejercicio3Kt.saludar(Ejercicio3.kt:4)
	at edu.etec.ds.fundamentos.Ejercicio3Kt.saludar(Ejercicio3.kt:4)
	at edu.etec.ds.fundamentos.Ejercicio3Kt.saludar(Ejercicio3.kt:4)
	at edu.etec.ds.fundamentos.Ejercicio3Kt.saludar(Ejercicio3.kt:4)
	at edu.etec.ds.fundamentos.Ejercicio3Kt.saludar(Ejercicio3.kt:4)
	at edu.etec.ds.fundamentos.Ejercicio3Kt.saludar(Ejercicio3.kt:4)
	at edu.etec.ds.fundamentos.Ejercicio3Kt.saludar(Ejercicio3.kt:4)
	at edu.etec.ds.fundamentos.Ejercicio3Kt.saludar(Ejercicio3.kt:4)
	at edu.etec.ds.fundamentos.Ejercicio3Kt.saludar(Ejercicio3.kt:4)
	at edu.etec.ds.fundamentos.Ejercicio3Kt.saludar(Ejercicio3.kt:4)
	at edu.etec.ds.fundamentos.Ejercicio3Kt.saludar(Ejercicio3.kt:4)
	at edu.etec.ds.fundamentos.Ejercicio3Kt.saludar(Ejercicio3.kt:4)
	at edu.etec.ds.fundamentos.Ejercicio3Kt.saludar(Ejercicio3.kt:4)
	at edu.etec.ds.fundamentos.Ejercicio3Kt.saludar(Ejercicio3.kt:4)
	at edu.etec.ds.fundamentos.Ejercicio3Kt.saludar(Ejercicio3.kt:4)
	at edu.etec.ds.fundamentos.Ejercicio3Kt.saludar(Ejercicio3.kt:4)
	at edu.etec.ds.fundamentos.Ejercicio3Kt.saludar(Ejercicio3.kt:4)
	at edu.etec.ds.fundamentos.Ejercicio3Kt.saludar(Ejercicio3.kt:4)
	at edu.etec.ds.fundamentos.Ejercicio3Kt.saludar(Ejercicio3.kt:4)
	at edu.etec.ds.fundamentos.Ejercicio3Kt.saludar(Ejercicio3.kt:4)
	at edu.etec.ds.fundamentos.Ejercicio3Kt.saludar(Ejercicio3.kt:4)
	at edu.etec.ds.fundamentos.Ejercicio3Kt.saludar(Ejercicio3.kt:4)
	at edu.etec.ds.fundamentos.Ejercicio3Kt.saludar(Ejercicio3.kt:4)
	at edu.etec.ds.fundamentos.Ejercicio3Kt.saludar(Ejercicio3.kt:4)
	at edu.etec.ds.fundamentos.Ejercicio3Kt.saludar(Ejercicio3.kt:4)
	at edu.etec.ds.fundamentos.Ejercicio3Kt.saludar(Ejercicio3.kt:4)
	at edu.etec.ds.fundamentos.Ejercicio3Kt.saludar(Ejercicio3.kt:4)
	at edu.etec.ds.fundamentos.Ejercicio3Kt.saludar(Ejercicio3.kt:4)
	at edu.etec.ds.fundamentos.Ejercicio3Kt.saludar(Ejercicio3.kt:4)
	at edu.etec.ds.fundamentos.Ejercicio3Kt.saludar(Ejercicio3.kt:4)
	at edu.etec.ds.fundamentos.Ejercicio3Kt.saludar(Ejercicio3.kt:4)
	at edu.etec.ds.fundamentos.Ejercicio3Kt.saludar(Ejercicio3.kt:4)
	at edu.etec.ds.fundamentos.Ejercicio3Kt.saludar(Ejercicio3.kt:4)
	at edu.etec.ds.fundamentos.Ejercicio3Kt.saludar(Ejercicio3.kt:4)
	at edu.etec.ds.fundamentos.Ejercicio3Kt.saludar(Ejercicio3.kt:4)
	at edu.etec.ds.fundamentos.Ejercicio3Kt.saludar(Ejercicio3.kt:4)
	at edu.etec.ds.fundamentos.Ejercicio3Kt.saludar(Ejercicio3.kt:4)
	at edu.etec.ds.fundamentos.Ejercicio3Kt.saludar(Ejercicio3.kt:4)
	at edu.etec.ds.fundamentos.Ejercicio3Kt.saludar(Ejercicio3.kt:4)
	at edu.etec.ds.fundamentos.Ejercicio3Kt.saludar(Ejercicio3.kt:4)
	at edu.etec.ds.fundamentos.Ejercicio3Kt.saludar(Ejercicio3.kt:4)
	at edu.etec.ds.fundamentos.Ejercicio3Kt.saludar(Ejercicio3.kt:4)
	at edu.etec.ds.fundamentos.Ejercicio3Kt.saludar(Ejercicio3.kt:4)
	at edu.etec.ds.fundamentos.Ejercicio3Kt.saludar(Ejercicio3.kt:4)
	at edu.etec.ds.fundamentos.Ejercicio3Kt.saludar(Ejercicio3.kt:4)
	at edu.etec.ds.fundamentos.Ejercicio3Kt.saludar(Ejercicio3.kt:4)
	at edu.etec.ds.fundamentos.Ejercicio3Kt.saludar(Ejercicio3.kt:4)
	at edu.etec.ds.fundamentos.Ejercicio3Kt.saludar(Ejercicio3.kt:4)
	at edu.etec.ds.fundamentos.Ejercicio3Kt.saludar(Ejercicio3.kt:4)
	at edu.etec.ds.fundamentos.Ejercicio3Kt.saludar(Ejercicio3.kt:4)
	at edu.etec.ds.fundamentos.Ejercicio3Kt.saludar(Ejercicio3.kt:4)
	at edu.etec.ds.fundamentos.Ejercicio3Kt.saludar(Ejercicio3.kt:4)
	at edu.etec.ds.fundamentos.Ejercicio3Kt.saludar(Ejercicio3.kt:4)
	at edu.etec.ds.fundamentos.Ejercicio3Kt.saludar(Ejercicio3.kt:4)
	at edu.etec.ds.fundamentos.Ejercicio3Kt.saludar(Ejercicio3.kt:4)
	at edu.etec.ds.fundamentos.Ejercicio3Kt.saludar(Ejercicio3.kt:4)
	at edu.etec.ds.fundamentos.Ejercicio3Kt.saludar(Ejercicio3.kt:4)
	at edu.etec.ds.fundamentos.Ejercicio3Kt.saludar(Ejercicio3.kt:4)
	at edu.etec.ds.fundamentos.Ejercicio3Kt.saludar(Ejercicio3.kt:4)
	at edu.etec.ds.fundamentos.Ejercicio3Kt.saludar(Ejercicio3.kt:4)
	at edu.etec.ds.fundamentos.Ejercicio3Kt.saludar(Ejercicio3.kt:4)
	at edu.etec.ds.fundamentos.Ejercicio3Kt.saludar(Ejercicio3.kt:4)
	at edu.etec.ds.fundamentos.Ejercicio3Kt.saludar(Ejercicio3.kt:4)
	at edu.etec.ds.fundamentos.Ejercicio3Kt.saludar(Ejercicio3.kt:4)
	at edu.etec.ds.fundamentos.Ejercicio3Kt.saludar(Ejercicio3.kt:4)
	at edu.etec.ds.fundamentos.Ejercicio3Kt.saludar(Ejercicio3.kt:4)
	at edu.etec.ds.fundamentos.Ejercicio3Kt.saludar(Ejercicio3.kt:4)
	at edu.etec.ds.fundamentos.Ejercicio3Kt.saludar(Ejercicio3.kt:4)
	at edu.etec.ds.fundamentos.Ejercicio3Kt.saludar(Ejercicio3.kt:4)
	at edu.etec.ds.fundamentos.Ejercicio3Kt.saludar(Ejercicio3.kt:4)
	at edu.etec.ds.fundamentos.Ejercicio3Kt.saludar(Ejercicio3.kt:4)
	at edu.etec.ds.fundamentos.Ejercicio3Kt.saludar(Ejercicio3.kt:4)
	at edu.etec.ds.fundamentos.Ejercicio3Kt.saludar(Ejercicio3.kt:4)
	at edu.etec.ds.fundamentos.Ejercicio3Kt.saludar(Ejercicio3.kt:4)
	at edu.etec.ds.fundamentos.Ejercicio3Kt.saludar(Ejercicio3.kt:4)
	at edu.etec.ds.fundamentos.Ejercicio3Kt.saludar(Ejercicio3.kt:4)
	at edu.etec.ds.fundamentos.Ejercicio3Kt.saludar(Ejercicio3.kt:4)
	at edu.etec.ds.fundamentos.Ejercicio3Kt.saludar(Ejercicio3.kt:4)
	at edu.etec.ds.fundamentos.Ejercicio3Kt.saludar(Ejercicio3.kt:4)
	at edu.etec.ds.fundamentos.Ejercicio3Kt.saludar(Ejercicio3.kt:4)
	at edu.etec.ds.fundamentos.Ejercicio3Kt.saludar(Ejercicio3.kt:4)
	at edu.etec.ds.fundamentos.Ejercicio3Kt.saludar(Ejercicio3.kt:4)
	at edu.etec.ds.fundamentos.Ejercicio3Kt.saludar(Ejercicio3.kt:4)
	at edu.etec.ds.fundamentos.Ejercicio3Kt.saludar(Ejercicio3.kt:4)
	at edu.etec.ds.fundamentos.Ejercicio3Kt.saludar(Ejercicio3.kt:4)
	at edu.etec.ds.fundamentos.Ejercicio3Kt.saludar(Ejercicio3.kt:4)
	at edu.etec.ds.fundamentos.Ejercicio3Kt.saludar(Ejercicio3.kt:4)
	at edu.etec.ds.fundamentos.Ejercicio3Kt.saludar(Ejercicio3.kt:4)
	at edu.etec.ds.fundamentos.Ejercicio3Kt.saludar(Ejercicio3.kt:4)
	at edu.etec.ds.fundamentos.Ejercicio3Kt.saludar(Ejercicio3.kt:4)
	at edu.etec.ds.fundamentos.Ejercicio3Kt.saludar(Ejercicio3.kt:4)
	at edu.etec.ds.fundamentos.Ejercicio3Kt.saludar(Ejercicio3.kt:4)
	at edu.etec.ds.fundamentos.Ejercicio3Kt.saludar(Ejercicio3.kt:4)
	at edu.etec.ds.fundamentos.Ejercicio3Kt.saludar(Ejercicio3.kt:4)
	at edu.etec.ds.fundamentos.Ejercicio3Kt.saludar(Ejercicio3.kt:4)
	at edu.etec.ds.fundamentos.Ejercicio3Kt.saludar(Ejercicio3.kt:4)
	at edu.etec.ds.fundamentos.Ejercicio3Kt.saludar(Ejercicio3.kt:4)
	at edu.etec.ds.fundamentos.Ejercicio3Kt.saludar(Ejercicio3.kt:4)
	at edu.etec.ds.fundamentos.Ejercicio3Kt.saludar(Ejercicio3.kt:4)
	at edu.etec.ds.fundamentos.Ejercicio3Kt.saludar(Ejercicio3.kt:4)
	at edu.etec.ds.fundamentos.Ejercicio3Kt.saludar(Ejercicio3.kt:4)
	at edu.etec.ds.fundamentos.Ejercicio3Kt.saludar(Ejercicio3.kt:4)
	at edu.etec.ds.fundamentos.Ejercicio3Kt.saludar(Ejercicio3.kt:4)
	at edu.etec.ds.fundamentos.Ejercicio3Kt.saludar(Ejercicio3.kt:4)
	at edu.etec.ds.fundamentos.Ejercicio3Kt.saludar(Ejercicio3.kt:4)
	at edu.etec.ds.fundamentos.Ejercicio3Kt.saludar(Ejercicio3.kt:4)
	at edu.etec.ds.fundamentos.Ejercicio3Kt.saludar(Ejercicio3.kt:4)
	at edu.etec.ds.fundamentos.Ejercicio3Kt.saludar(Ejercicio3.kt:4)
	at edu.etec.ds.fundamentos.Ejercicio3Kt.saludar(Ejercicio3.kt:4)
	at edu.etec.ds.fundamentos.Ejercicio3Kt.saludar(Ejercicio3.kt:4)
	at edu.etec.ds.fundamentos.Ejercicio3Kt.saludar(Ejercicio3.kt:4)
	at edu.etec.ds.fundamentos.Ejercicio3Kt.saludar(Ejercicio3.kt:4)
	at edu.etec.ds.fundamentos.Ejercicio3Kt.saludar(Ejercicio3.kt:4)
	at edu.etec.ds.fundamentos.Ejercicio3Kt.saludar(Ejercicio3.kt:4)
	at edu.etec.ds.fundamentos.Ejercicio3Kt.saludar(Ejercicio3.kt:4)
	at edu.etec.ds.fundamentos.Ejercicio3Kt.saludar(Ejercicio3.kt:4)
	at edu.etec.ds.fundamentos.Ejercicio3Kt.saludar(Ejercicio3.kt:4)
	at edu.etec.ds.fundamentos.Ejercicio3Kt.saludar(Ejercicio3.kt:4)
	at edu.etec.ds.fundamentos.Ejercicio3Kt.saludar(Ejercicio3.kt:4)
	at edu.etec.ds.fundamentos.Ejercicio3Kt.saludar(Ejercicio3.kt:4)
	at edu.etec.ds.fundamentos.Ejercicio3Kt.saludar(Ejercicio3.kt:4)
	at edu.etec.ds.fundamentos.Ejercicio3Kt.saludar(Ejercicio3.kt:4)
	at edu.etec.ds.fundamentos.Ejercicio3Kt.saludar(Ejercicio3.kt:4)
	at edu.etec.ds.fundamentos.Ejercicio3Kt.saludar(Ejercicio3.kt:4)
	at edu.etec.ds.fundamentos.Ejercicio3Kt.saludar(Ejercicio3.kt:4)
	at edu.etec.ds.fundamentos.Ejercicio3Kt.saludar(Ejercicio3.kt:4)
	at edu.etec.ds.fundamentos.Ejercicio3Kt.saludar(Ejercicio3.kt:4)
	at edu.etec.ds.fundamentos.Ejercicio3Kt.saludar(Ejercicio3.kt:4)
	at edu.etec.ds.fundamentos.Ejercicio3Kt.saludar(Ejercicio3.kt:4)
	at edu.etec.ds.fundamentos.Ejercicio3Kt.saludar(Ejercicio3.kt:4)
	at edu.etec.ds.fundamentos.Ejercicio3Kt.saludar(Ejercicio3.kt:4)
	at edu.etec.ds.fundamentos.Ejercicio3Kt.saludar(Ejercicio3.kt:4)
	at edu.etec.ds.fundamentos.Ejercicio3Kt.saludar(Ejercicio3.kt:4)
	at edu.etec.ds.fundamentos.Ejercicio3Kt.saludar(Ejercicio3.kt:4)
	at edu.etec.ds.fundamentos.Ejercicio3Kt.saludar(Ejercicio3.kt:4)
	at edu.etec.ds.fundamentos.Ejercicio3Kt.saludar(Ejercicio3.kt:4)
	at edu.etec.ds.fundamentos.Ejercicio3Kt.saludar(Ejercicio3.kt:4)
	at edu.etec.ds.fundamentos.Ejercicio3Kt.saludar(Ejercicio3.kt:4)
	at edu.etec.ds.fundamentos.Ejercicio3Kt.saludar(Ejercicio3.kt:4)
	at edu.etec.ds.fundamentos.Ejercicio3Kt.saludar(Ejercicio3.kt:4)
	at edu.etec.ds.fundamentos.Ejercicio3Kt.saludar(Ejercicio3.kt:4)
	at edu.etec.ds.fundamentos.Ejercicio3Kt.saludar(Ejercicio3.kt:4)
	at edu.etec.ds.fundamentos.Ejercicio3Kt.saludar(Ejercicio3.kt:4)
	at edu.etec.ds.fundamentos.Ejercicio3Kt.saludar(Ejercicio3.kt:4)
	at edu.etec.ds.fundamentos.Ejercicio3Kt.saludar(Ejercicio3.kt:4)
	at edu.etec.ds.fundamentos.Ejercicio3Kt.saludar(Ejercicio3.kt:4)
	at edu.etec.ds.fundamentos.Ejercicio3Kt.saludar(Ejercicio3.kt:4)
	at edu.etec.ds.fundamentos.Ejercicio3Kt.saludar(Ejercicio3.kt:4)
	at edu.etec.ds.fundamentos.Ejercicio3Kt.saludar(Ejercicio3.kt:4)
	at edu.etec.ds.fundamentos.Ejercicio3Kt.saludar(Ejercicio3.kt:4)
	at edu.etec.ds.fundamentos.Ejercicio3Kt.saludar(Ejercicio3.kt:4)
	at edu.etec.ds.fundamentos.Ejercicio3Kt.saludar(Ejercicio3.kt:4)
	at edu.etec.ds.fundamentos.Ejercicio3Kt.saludar(Ejercicio3.kt:4)
	at edu.etec.ds.fundamentos.Ejercicio3Kt.saludar(Ejercicio3.kt:4)
	at edu.etec.ds.fundamentos.Ejercicio3Kt.saludar(Ejercicio3.kt:4)
	at edu.etec.ds.fundamentos.Ejercicio3Kt.saludar(Ejercicio3.kt:4)
	at edu.etec.ds.fundamentos.Ejercicio3Kt.saludar(Ejercicio3.kt:4)
	at edu.etec.ds.fundamentos.Ejercicio3Kt.saludar(Ejercicio3.kt:4)
	at edu.etec.ds.fundamentos.Ejercicio3Kt.saludar(Ejercicio3.kt:4)
	at edu.etec.ds.fundamentos.Ejercicio3Kt.saludar(Ejercicio3.kt:4)
	at edu.etec.ds.fundamentos.Ejercicio3Kt.saludar(Ejercicio3.kt:4)
	at edu.etec.ds.fundamentos.Ejercicio3Kt.saludar(Ejercicio3.kt:4)
	at edu.etec.ds.fundamentos.Ejercicio3Kt.saludar(Ejercicio3.kt:4)
	at edu.etec.ds.fundamentos.Ejercicio3Kt.saludar(Ejercicio3.kt:4)
	at edu.etec.ds.fundamentos.Ejercicio3Kt.saludar(Ejercicio3.kt:4)
	at edu.etec.ds.fundamentos.Ejercicio3Kt.saludar(Ejercicio3.kt:4)
	at edu.etec.ds.fundamentos.Ejercicio3Kt.saludar(Ejercicio3.kt:4)
	at edu.etec.ds.fundamentos.Ejercicio3Kt.saludar(Ejercicio3.kt:4)
	at edu.etec.ds.fundamentos.Ejercicio3Kt.saludar(Ejercicio3.kt:4)
	at edu.etec.ds.fundamentos.Ejercicio3Kt.saludar(Ejercicio3.kt:4)
	at edu.etec.ds.fundamentos.Ejercicio3Kt.saludar(Ejercicio3.kt:4)
	at edu.etec.ds.fundamentos.Ejercicio3Kt.saludar(Ejercicio3.kt:4)
	at edu.etec.ds.fundamentos.Ejercicio3Kt.saludar(Ejercicio3.kt:4)
	at edu.etec.ds.fundamentos.Ejercicio3Kt.saludar(Ejercicio3.kt:4)
	at edu.etec.ds.fundamentos.Ejercicio3Kt.saludar(Ejercicio3.kt:4)
	at edu.etec.ds.fundamentos.Ejercicio3Kt.saludar(Ejercicio3.kt:4)
	at edu.etec.ds.fundamentos.Ejercicio3Kt.saludar(Ejercicio3.kt:4)
	at edu.etec.ds.fundamentos.Ejercicio3Kt.saludar(Ejercicio3.kt:4)
	at edu.etec.ds.fundamentos.Ejercicio3Kt.saludar(Ejercicio3.kt:4)
	at edu.etec.ds.fundamentos.Ejercicio3Kt.saludar(Ejercicio3.kt:4)
	at edu.etec.ds.fundamentos.Ejercicio3Kt.saludar(Ejercicio3.kt:4)
	at edu.etec.ds.fundamentos.Ejercicio3Kt.saludar(Ejercicio3.kt:4)
	at edu.etec.ds.fundamentos.Ejercicio3Kt.saludar(Ejercicio3.kt:4)
	at edu.etec.ds.fundamentos.Ejercicio3Kt.saludar(Ejercicio3.kt:4)
	at edu.etec.ds.fundamentos.Ejercicio3Kt.saludar(Ejercicio3.kt:4)
	at edu.etec.ds.fundamentos.Ejercicio3Kt.saludar(Ejercicio3.kt:4)
	at edu.etec.ds.fundamentos.Ejercicio3Kt.saludar(Ejercicio3.kt:4)
	at edu.etec.ds.fundamentos.Ejercicio3Kt.saludar(Ejercicio3.kt:4)
	at edu.etec.ds.fundamentos.Ejercicio3Kt.saludar(Ejercicio3.kt:4)
	at edu.etec.ds.fundamentos.Ejercicio3Kt.saludar(Ejercicio3.kt:4)
	at edu.etec.ds.fundamentos.Ejercicio3Kt.saludar(Ejercicio3.kt:4)
	at edu.etec.ds.fundamentos.Ejercicio3Kt.saludar(Ejercicio3.kt:4)
	at edu.etec.ds.fundamentos.Ejercicio3Kt.saludar(Ejercicio3.kt:4)
	at edu.etec.ds.fundamentos.Ejercicio3Kt.saludar(Ejercicio3.kt:4)
	at edu.etec.ds.fundamentos.Ejercicio3Kt.saludar(Ejercicio3.kt:4)
	at edu.etec.ds.fundamentos.Ejercicio3Kt.saludar(Ejercicio3.kt:4)
	at edu.etec.ds.fundamentos.Ejercicio3Kt.saludar(Ejercicio3.kt:4)
	at edu.etec.ds.fundamentos.Ejercicio3Kt.saludar(Ejercicio3.kt:4)
	at edu.etec.ds.fundamentos.Ejercicio3Kt.saludar(Ejercicio3.kt:4)
	at edu.etec.ds.fundamentos.Ejercicio3Kt.saludar(Ejercicio3.kt:4)
	at edu.etec.ds.fundamentos.Ejercicio3Kt.saludar(Ejercicio3.kt:4)
	at edu.etec.ds.fundamentos.Ejercicio3Kt.saludar(Ejercicio3.kt:4)
	at edu.etec.ds.fundamentos.Ejercicio3Kt.saludar(Ejercicio3.kt:4)
	at edu.etec.ds.fundamentos.Ejercicio3Kt.saludar(Ejercicio3.kt:4)
	at edu.etec.ds.fundamentos.Ejercicio3Kt.saludar(Ejercicio3.kt:4)
	at edu.etec.ds.fundamentos.Ejercicio3Kt.saludar(Ejercicio3.kt:4)
	at edu.etec.ds.fundamentos.Ejercicio3Kt.saludar(Ejercicio3.kt:4)
	at edu.etec.ds.fundamentos.Ejercicio3Kt.saludar(Ejercicio3.kt:4)
	at edu.etec.ds.fundamentos.Ejercicio3Kt.saludar(Ejercicio3.kt:4)
	at edu.etec.ds.fundamentos.Ejercicio3Kt.saludar(Ejercicio3.kt:4)
	at edu.etec.ds.fundamentos.Ejercicio3Kt.saludar(Ejercicio3.kt:4)
	at edu.etec.ds.fundamentos.Ejercicio3Kt.saludar(Ejercicio3.kt:4)
	at edu.etec.ds.fundamentos.Ejercicio3Kt.saludar(Ejercicio3.kt:4)
	at edu.etec.ds.fundamentos.Ejercicio3Kt.saludar(Ejercicio3.kt:4)
	at edu.etec.ds.fundamentos.Ejercicio3Kt.saludar(Ejercicio3.kt:4)
	at edu.etec.ds.fundamentos.Ejercicio3Kt.saludar(Ejercicio3.kt:4)
	at edu.etec.ds.fundamentos.Ejercicio3Kt.saludar(Ejercicio3.kt:4)
	at edu.etec.ds.fundamentos.Ejercicio3Kt.saludar(Ejercicio3.kt:4)
	at edu.etec.ds.fundamentos.Ejercicio3Kt.saludar(Ejercicio3.kt:4)
	at edu.etec.ds.fundamentos.Ejercicio3Kt.saludar(Ejercicio3.kt:4)
	at edu.etec.ds.fundamentos.Ejercicio3Kt.saludar(Ejercicio3.kt:4)
	at edu.etec.ds.fundamentos.Ejercicio3Kt.saludar(Ejercicio3.kt:4)
	at edu.etec.ds.fundamentos.Ejercicio3Kt.saludar(Ejercicio3.kt:4)
	at edu.etec.ds.fundamentos.Ejercicio3Kt.saludar(Ejercicio3.kt:4)
	at edu.etec.ds.fundamentos.Ejercicio3Kt.saludar(Ejercicio3.kt:4)
	at edu.etec.ds.fundamentos.Ejercicio3Kt.saludar(Ejercicio3.kt:4)
	at edu.etec.ds.fundamentos.Ejercicio3Kt.saludar(Ejercicio3.kt:4)
	at edu.etec.ds.fundamentos.Ejercicio3Kt.saludar(Ejercicio3.kt:4)
	at edu.etec.ds.fundamentos.Ejercicio3Kt.saludar(Ejercicio3.kt:4)
	at edu.etec.ds.fundamentos.Ejercicio3Kt.saludar(Ejercicio3.kt:4)
	at edu.etec.ds.fundamentos.Ejercicio3Kt.saludar(Ejercicio3.kt:4)
	at edu.etec.ds.fundamentos.Ejercicio3Kt.saludar(Ejercicio3.kt:4)
	at edu.etec.ds.fundamentos.Ejercicio3Kt.saludar(Ejercicio3.kt:4)
	at edu.etec.ds.fundamentos.Ejercicio3Kt.saludar(Ejercicio3.kt:4)
	at edu.etec.ds.fundamentos.Ejercicio3Kt.saludar(Ejercicio3.kt:4)
	at edu.etec.ds.fundamentos.Ejercicio3Kt.saludar(Ejercicio3.kt:4)
	at edu.etec.ds.fundamentos.Ejercicio3Kt.saludar(Ejercicio3.kt:4)
	at edu.etec.ds.fundamentos.Ejercicio3Kt.saludar(Ejercicio3.kt:4)
	at edu.etec.ds.fundamentos.Ejercicio3Kt.saludar(Ejercicio3.kt:4)
	at edu.etec.ds.fundamentos.Ejercicio3Kt.saludar(Ejercicio3.kt:4)
	at edu.etec.ds.fundamentos.Ejercicio3Kt.saludar(Ejercicio3.kt:4)
	at edu.etec.ds.fundamentos.Ejercicio3Kt.saludar(Ejercicio3.kt:4)
	at edu.etec.ds.fundamentos.Ejercicio3Kt.saludar(Ejercicio3.kt:4)
	at edu.etec.ds.fundamentos.Ejercicio3Kt.saludar(Ejercicio3.kt:4)
	at edu.etec.ds.fundamentos.Ejercicio3Kt.saludar(Ejercicio3.kt:4)
	at edu.etec.ds.fundamentos.Ejercicio3Kt.saludar(Ejercicio3.kt:4)
	at edu.etec.ds.fundamentos.Ejercicio3Kt.saludar(Ejercicio3.kt:4)
	at edu.etec.ds.fundamentos.Ejercicio3Kt.saludar(Ejercicio3.kt:4)
	at edu.etec.ds.fundamentos.Ejercicio3Kt.saludar(Ejercicio3.kt:4)
	at edu.etec.ds.fundamentos.Ejercicio3Kt.saludar(Ejercicio3.kt:4)
	at edu.etec.ds.fundamentos.Ejercicio3Kt.saludar(Ejercicio3.kt:4)
	at edu.etec.ds.fundamentos.Ejercicio3Kt.saludar(Ejercicio3.kt:4)
	at edu.etec.ds.fundamentos.Ejercicio3Kt.saludar(Ejercicio3.kt:4)
	at edu.etec.ds.fundamentos.Ejercicio3Kt.saludar(Ejercicio3.kt:4)
	at edu.etec.ds.fundamentos.Ejercicio3Kt.saludar(Ejercicio3.kt:4)
	at edu.etec.ds.fundamentos.Ejercicio3Kt.saludar(Ejercicio3.kt:4)
	at edu.etec.ds.fundamentos.Ejercicio3Kt.saludar(Ejercicio3.kt:4)
	at edu.etec.ds.fundamentos.Ejercicio3Kt.saludar(Ejercicio3.kt:4)
	at edu.etec.ds.fundamentos.Ejercicio3Kt.saludar(Ejercicio3.kt:4)
	at edu.etec.ds.fundamentos.Ejercicio3Kt.saludar(Ejercicio3.kt:4)
	at edu.etec.ds.fundamentos.Ejercicio3Kt.saludar(Ejercicio3.kt:4)
	at edu.etec.ds.fundamentos.Ejercicio3Kt.saludar(Ejercicio3.kt:4)
	at edu.etec.ds.fundamentos.Ejercicio3Kt.saludar(Ejercicio3.kt:4)
	at edu.etec.ds.fundamentos.Ejercicio3Kt.saludar(Ejercicio3.kt:4)
	at edu.etec.ds.fundamentos.Ejercicio3Kt.saludar(Ejercicio3.kt:4)
	at edu.etec.ds.fundamentos.Ejercicio3Kt.saludar(Ejercicio3.kt:4)
	at edu.etec.ds.fundamentos.Ejercicio3Kt.saludar(Ejercicio3.kt:4)
	at edu.etec.ds.fundamentos.Ejercicio3Kt.saludar(Ejercicio3.kt:4)
	at edu.etec.ds.fundamentos.Ejercicio3Kt.saludar(Ejercicio3.kt:4)
	at edu.etec.ds.fundamentos.Ejercicio3Kt.saludar(Ejercicio3.kt:4)
	at edu.etec.ds.fundamentos.Ejercicio3Kt.saludar(Ejercicio3.kt:4)
	at edu.etec.ds.fundamentos.Ejercicio3Kt.saludar(Ejercicio3.kt:4)
	at edu.etec.ds.fundamentos.Ejercicio3Kt.saludar(Ejercicio3.kt:4)
	at edu.etec.ds.fundamentos.Ejercicio3Kt.saludar(Ejercicio3.kt:4)
	at edu.etec.ds.fundamentos.Ejercicio3Kt.saludar(Ejercicio3.kt:4)
	at edu.etec.ds.fundamentos.Ejercicio3Kt.saludar(Ejercicio3.kt:4)
	at edu.etec.ds.fundamentos.Ejercicio3Kt.saludar(Ejercicio3.kt:4)
	at edu.etec.ds.fundamentos.Ejercicio3Kt.saludar(Ejercicio3.kt:4)
	at edu.etec.ds.fundamentos.Ejercicio3Kt.saludar(Ejercicio3.kt:4)
	at edu.etec.ds.fundamentos.Ejercicio3Kt.saludar(Ejercicio3.kt:4)
	at edu.etec.ds.fundamentos.Ejercicio3Kt.saludar(Ejercicio3.kt:4)
	at edu.etec.ds.fundamentos.Ejercicio3Kt.saludar(Ejercicio3.kt:4)
	at edu.etec.ds.fundamentos.Ejercicio3Kt.saludar(Ejercicio3.kt:4)
	at edu.etec.ds.fundamentos.Ejercicio3Kt.saludar(Ejercicio3.kt:4)
	at edu.etec.ds.fundamentos.Ejercicio3Kt.saludar(Ejercicio3.kt:4)
	at edu.etec.ds.fundamentos.Ejercicio3Kt.saludar(Ejercicio3.kt:4)
	at edu.etec.ds.fundamentos.Ejercicio3Kt.saludar(Ejercicio3.kt:4)
	at edu.etec.ds.fundamentos.Ejercicio3Kt.saludar(Ejercicio3.kt:4)
	at edu.etec.ds.fundamentos.Ejercicio3Kt.saludar(Ejercicio3.kt:4)
	at edu.etec.ds.fundamentos.Ejercicio3Kt.saludar(Ejercicio3.kt:4)
	at edu.etec.ds.fundamentos.Ejercicio3Kt.saludar(Ejercicio3.kt:4)
	at edu.etec.ds.fundamentos.Ejercicio3Kt.saludar(Ejercicio3.kt:4)
	at edu.etec.ds.fundamentos.Ejercicio3Kt.saludar(Ejercicio3.kt:4)
	at edu.etec.ds.fundamentos.Ejercicio3Kt.saludar(Ejercicio3.kt:4)
	at edu.etec.ds.fundamentos.Ejercicio3Kt.saludar(Ejercicio3.kt:4)
	at edu.etec.ds.fundamentos.Ejercicio3Kt.saludar(Ejercicio3.kt:4)
	at edu.etec.ds.fundamentos.Ejercicio3Kt.saludar(Ejercicio3.kt:4)
	at edu.etec.ds.fundamentos.Ejercicio3Kt.saludar(Ejercicio3.kt:4)
	at edu.etec.ds.fundamentos.Ejercicio3Kt.saludar(Ejercicio3.kt:4)
	at edu.etec.ds.fundamentos.Ejercicio3Kt.saludar(Ejercicio3.kt:4)
	at edu.etec.ds.fundamentos.Ejercicio3Kt.saludar(Ejercicio3.kt:4)
	at edu.etec.ds.fundamentos.Ejercicio3Kt.saludar(Ejercicio3.kt:4)
	at edu.etec.ds.fundamentos.Ejercicio3Kt.saludar(Ejercicio3.kt:4)
	at edu.etec.ds.fundamentos.Ejercicio3Kt.saludar(Ejercicio3.kt:4)
	at edu.etec.ds.fundamentos.Ejercicio3Kt.saludar(Ejercicio3.kt:4)
	at edu.etec.ds.fundamentos.Ejercicio3Kt.saludar(Ejercicio3.kt:4)
	at edu.etec.ds.fundamentos.Ejercicio3Kt.saludar(Ejercicio3.kt:4)
	at edu.etec.ds.fundamentos.Ejercicio3Kt.saludar(Ejercicio3.kt:4)
	at edu.etec.ds.fundamentos.Ejercicio3Kt.saludar(Ejercicio3.kt:4)
	at edu.etec.ds.fundamentos.Ejercicio3Kt.saludar(Ejercicio3.kt:4)
	at edu.etec.ds.fundamentos.Ejercicio3Kt.saludar(Ejercicio3.kt:4)
	at edu.etec.ds.fundamentos.Ejercicio3Kt.saludar(Ejercicio3.kt:4)
	at edu.etec.ds.fundamentos.Ejercicio3Kt.saludar(Ejercicio3.kt:4)
	at edu.etec.ds.fundamentos.Ejercicio3Kt.saludar(Ejercicio3.kt:4)
	at edu.etec.ds.fundamentos.Ejercicio3Kt.saludar(Ejercicio3.kt:4)
	at edu.etec.ds.fundamentos.Ejercicio3Kt.saludar(Ejercicio3.kt:4)
	at edu.etec.ds.fundamentos.Ejercicio3Kt.saludar(Ejercicio3.kt:4)
	at edu.etec.ds.fundamentos.Ejercicio3Kt.saludar(Ejercicio3.kt:4)
	at edu.etec.ds.fundamentos.Ejercicio3Kt.saludar(Ejercicio3.kt:4)
	at edu.etec.ds.fundamentos.Ejercicio3Kt.saludar(Ejercicio3.kt:4)
	at edu.etec.ds.fundamentos.Ejercicio3Kt.saludar(Ejercicio3.kt:4)
	at edu.etec.ds.fundamentos.Ejercicio3Kt.saludar(Ejercicio3.kt:4)
	at edu.etec.ds.fundamentos.Ejercicio3Kt.saludar(Ejercicio3.kt:4)
	at edu.etec.ds.fundamentos.Ejercicio3Kt.saludar(Ejercicio3.kt:4)
	at edu.etec.ds.fundamentos.Ejercicio3Kt.saludar(Ejercicio3.kt:4)
	at edu.etec.ds.fundamentos.Ejercicio3Kt.saludar(Ejercicio3.kt:4)
	at edu.etec.ds.fundamentos.Ejercicio3Kt.saludar(Ejercicio3.kt:4)
	at edu.etec.ds.fundamentos.Ejercicio3Kt.saludar(Ejercicio3.kt:4)
	at edu.etec.ds.fundamentos.Ejercicio3Kt.saludar(Ejercicio3.kt:4)
	at edu.etec.ds.fundamentos.Ejercicio3Kt.saludar(Ejercicio3.kt:4)
	at edu.etec.ds.fundamentos.Ejercicio3Kt.saludar(Ejercicio3.kt:4)
	at edu.etec.ds.fundamentos.Ejercicio3Kt.saludar(Ejercicio3.kt:4)
	at edu.etec.ds.fundamentos.Ejercicio3Kt.saludar(Ejercicio3.kt:4)
	at edu.etec.ds.fundamentos.Ejercicio3Kt.saludar(Ejercicio3.kt:4)
	at edu.etec.ds.fundamentos.Ejercicio3Kt.saludar(Ejercicio3.kt:4)
	at edu.etec.ds.fundamentos.Ejercicio3Kt.saludar(Ejercicio3.kt:4)
	at edu.etec.ds.fundamentos.Ejercicio3Kt.saludar(Ejercicio3.kt:4)
	at edu.etec.ds.fundamentos.Ejercicio3Kt.saludar(Ejercicio3.kt:4)
	at edu.etec.ds.fundamentos.Ejercicio3Kt.saludar(Ejercicio3.kt:4)
	at edu.etec.ds.fundamentos.Ejercicio3Kt.saludar(Ejercicio3.kt:4)
	at edu.etec.ds.fundamentos.Ejercicio3Kt.saludar(Ejercicio3.kt:4)
	at edu.etec.ds.fundamentos.Ejercicio3Kt.saludar(Ejercicio3.kt:4)
	at edu.etec.ds.fundamentos.Ejercicio3Kt.saludar(Ejercicio3.kt:4)
	at edu.etec.ds.fundamentos.Ejercicio3Kt.saludar(Ejercicio3.kt:4)
	at edu.etec.ds.fundamentos.Ejercicio3Kt.saludar(Ejercicio3.kt:4)
	at edu.etec.ds.fundamentos.Ejercicio3Kt.saludar(Ejercicio3.kt:4)
	at edu.etec.ds.fundamentos.Ejercicio3Kt.saludar(Ejercicio3.kt:4)
	at edu.etec.ds.fundamentos.Ejercicio3Kt.saludar(Ejercicio3.kt:4)
	at edu.etec.ds.fundamentos.Ejercicio3Kt.saludar(Ejercicio3.kt:4)
	at edu.etec.ds.fundamentos.Ejercicio3Kt.saludar(Ejercicio3.kt:4)
	at edu.etec.ds.fundamentos.Ejercicio3Kt.saludar(Ejercicio3.kt:4)
	at edu.etec.ds.fundamentos.Ejercicio3Kt.saludar(Ejercicio3.kt:4)
	at edu.etec.ds.fundamentos.Ejercicio3Kt.saludar(Ejercicio3.kt:4)
	at edu.etec.ds.fundamentos.Ejercicio3Kt.saludar(Ejercicio3.kt:4)
	at edu.etec.ds.fundamentos.Ejercicio3Kt.saludar(Ejercicio3.kt:4)
	at edu.etec.ds.fundamentos.Ejercicio3Kt.saludar(Ejercicio3.kt:4)
	at edu.etec.ds.fundamentos.Ejercicio3Kt.saludar(Ejercicio3.kt:4)
	at edu.etec.ds.fundamentos.Ejercicio3Kt.saludar(Ejercicio3.kt:4)
	at edu.etec.ds.fundamentos.Ejercicio3Kt.saludar(Ejercicio3.kt:4)
	at edu.etec.ds.fundamentos.Ejercicio3Kt.saludar(Ejercicio3.kt:4)
	at edu.etec.ds.fundamentos.Ejercicio3Kt.saludar(Ejercicio3.kt:4)
	at edu.etec.ds.fundamentos.Ejercicio3Kt.saludar(Ejercicio3.kt:4)
	at edu.etec.ds.fundamentos.Ejercicio3Kt.saludar(Ejercicio3.kt:4)
	at edu.etec.ds.fundamentos.Ejercicio3Kt.saludar(Ejercicio3.kt:4)
	at edu.etec.ds.fundamentos.Ejercicio3Kt.saludar(Ejercicio3.kt:4)
	at edu.etec.ds.fundamentos.Ejercicio3Kt.saludar(Ejercicio3.kt:4)
	at edu.etec.ds.fundamentos.Ejercicio3Kt.saludar(Ejercicio3.kt:4)
	at edu.etec.ds.fundamentos.Ejercicio3Kt.saludar(Ejercicio3.kt:4)
	at edu.etec.ds.fundamentos.Ejercicio3Kt.saludar(Ejercicio3.kt:4)
	at edu.etec.ds.fundamentos.Ejercicio3Kt.saludar(Ejercicio3.kt:4)
	at edu.etec.ds.fundamentos.Ejercicio3Kt.saludar(Ejercicio3.kt:4)
	at edu.etec.ds.fundamentos.Ejercicio3Kt.saludar(Ejercicio3.kt:4)
	at edu.etec.ds.fundamentos.Ejercicio3Kt.saludar(Ejercicio3.kt:4)
	at edu.etec.ds.fundamentos.Ejercicio3Kt.saludar(Ejercicio3.kt:4)
	at edu.etec.ds.fundamentos.Ejercicio3Kt.saludar(Ejercicio3.kt:4)
	at edu.etec.ds.fundamentos.Ejercicio3Kt.saludar(Ejercicio3.kt:4)
	at edu.etec.ds.fundamentos.Ejercicio3Kt.saludar(Ejercicio3.kt:4)
	at edu.etec.ds.fundamentos.Ejercicio3Kt.saludar(Ejercicio3.kt:4)
	at edu.etec.ds.fundamentos.Ejercicio3Kt.saludar(Ejercicio3.kt:4)
	at edu.etec.ds.fundamentos.Ejercicio3Kt.saludar(Ejercicio3.kt:4)
	at edu.etec.ds.fundamentos.Ejercicio3Kt.saludar(Ejercicio3.kt:4)
	at edu.etec.ds.fundamentos.Ejercicio3Kt.saludar(Ejercicio3.kt:4)
	at edu.etec.ds.fundamentos.Ejercicio3Kt.saludar(Ejercicio3.kt:4)
	at edu.etec.ds.fundamentos.Ejercicio3Kt.saludar(Ejercicio3.kt:4)
	at edu.etec.ds.fundamentos.Ejercicio3Kt.saludar(Ejercicio3.kt:4)
	at edu.etec.ds.fundamentos.Ejercicio3Kt.saludar(Ejercicio3.kt:4)
	at edu.etec.ds.fundamentos.Ejercicio3Kt.saludar(Ejercicio3.kt:4)
	at edu.etec.ds.fundamentos.Ejercicio3Kt.saludar(Ejercicio3.kt:4)
	at edu.etec.ds.fundamentos.Ejercicio3Kt.saludar(Ejercicio3.kt:4)
	at edu.etec.ds.fundamentos.Ejercicio3Kt.saludar(Ejercicio3.kt:4)
	at edu.etec.ds.fundamentos.Ejercicio3Kt.saludar(Ejercicio3.kt:4)
	at edu.etec.ds.fundamentos.Ejercicio3Kt.saludar(Ejercicio3.kt:4)
	at edu.etec.ds.fundamentos.Ejercicio3Kt.saludar(Ejercicio3.kt:4)
	at edu.etec.ds.fundamentos.Ejercicio3Kt.saludar(Ejercicio3.kt:4)
	at edu.etec.ds.fundamentos.Ejercicio3Kt.saludar(Ejercicio3.kt:4)
	at edu.etec.ds.fundamentos.Ejercicio3Kt.saludar(Ejercicio3.kt:4)
	at edu.etec.ds.fundamentos.Ejercicio3Kt.saludar(Ejercicio3.kt:4)
	at edu.etec.ds.fundamentos.Ejercicio3Kt.saludar(Ejercicio3.kt:4)
	at edu.etec.ds.fundamentos.Ejercicio3Kt.saludar(Ejercicio3.kt:4)
	at edu.etec.ds.fundamentos.Ejercicio3Kt.saludar(Ejercicio3.kt:4)
	at edu.etec.ds.fundamentos.Ejercicio3Kt.saludar(Ejercicio3.kt:4)
	at edu.etec.ds.fundamentos.Ejercicio3Kt.saludar(Ejercicio3.kt:4)
</failure>
  </testcase>
  <system-out><![CDATA[]]></system-out>
  <system-err><![CDATA[]]></system-err>
</testsuite>
